{"meta": {"format": 3, "version": "7.8.0", "timestamp": "2025-04-29T13:26:46.449133", "branch_coverage": false, "show_contexts": false}, "files": {"qmcpy/__init__.py": {"executed_lines": [1, 2, 3, 4, 5, 7, 8, 13, 15, 16], "summary": {"covered_lines": 10, "num_statements": 12, "percent_covered": 83.33333333333333, "percent_covered_display": "83", "missing_lines": 2, "excluded_lines": 0}, "missing_lines": [11, 12], "excluded_lines": [], "functions": {"": {"executed_lines": [1, 2, 3, 4, 5, 7, 8, 13, 15, 16], "summary": {"covered_lines": 10, "num_statements": 12, "percent_covered": 83.33333333333333, "percent_covered_display": "83", "missing_lines": 2, "excluded_lines": 0}, "missing_lines": [11, 12], "excluded_lines": []}}, "classes": {"": {"executed_lines": [1, 2, 3, 4, 5, 7, 8, 13, 15, 16], "summary": {"covered_lines": 10, "num_statements": 12, "percent_covered": 83.33333333333333, "percent_covered_display": "83", "missing_lines": 2, "excluded_lines": 0}, "missing_lines": [11, 12], "excluded_lines": []}}}, "qmcpy/accumulate_data/__init__.py": {"executed_lines": [1, 2, 3, 4, 5, 6, 7, 8, 9, 10, 11, 12], "summary": {"covered_lines": 12, "num_statements": 13, "percent_covered": 92.3076923076923, "percent_covered_display": "92", "missing_lines": 1, "excluded_lines": 0}, "missing_lines": [13], "excluded_lines": [], "functions": {"": {"executed_lines": [1, 2, 3, 4, 5, 6, 7, 8, 9, 10, 11, 12], "summary": {"covered_lines": 12, "num_statements": 13, "percent_covered": 92.3076923076923, "percent_covered_display": "92", "missing_lines": 1, "excluded_lines": 0}, "missing_lines": [13], "excluded_lines": []}}, "classes": {"": {"executed_lines": [1, 2, 3, 4, 5, 6, 7, 8, 9, 10, 11, 12], "summary": {"covered_lines": 12, "num_statements": 13, "percent_covered": 92.3076923076923, "percent_covered_display": "92", "missing_lines": 1, "excluded_lines": 0}, "missing_lines": [13], "excluded_lines": []}}}, "qmcpy/accumulate_data/_accumulate_data.py": {"executed_lines": [1, 2, 4, 5, 7, 9, 10, 11, 13, 17, 18, 19, 20, 21, 22], "summary": {"covered_lines": 14, "num_statements": 15, "percent_covered": 93.33333333333333, "percent_covered_display": "93", "missing_lines": 1, "excluded_lines": 0}, "missing_lines": [15], "excluded_lines": [], "functions": {"AccumulateData.__init__": {"executed_lines": [9, 10, 11], "summary": {"covered_lines": 3, "num_statements": 3, "percent_covered": 100.0, "percent_covered_display": "100", "missing_lines": 0, "excluded_lines": 0}, "missing_lines": [], "excluded_lines": []}, "AccumulateData.update_data": {"executed_lines": [], "summary": {"covered_lines": 0, "num_statements": 1, "percent_covered": 0.0, "percent_covered_display": "0", "missing_lines": 1, "excluded_lines": 0}, "missing_lines": [15], "excluded_lines": []}, "AccumulateData.__repr__": {"executed_lines": [18, 19, 20, 21, 22], "summary": {"covered_lines": 5, "num_statements": 5, "percent_covered": 100.0, "percent_covered_display": "100", "missing_lines": 0, "excluded_lines": 0}, "missing_lines": [], "excluded_lines": []}, "": {"executed_lines": [1, 2, 4, 5, 7, 13, 17], "summary": {"covered_lines": 6, "num_statements": 6, "percent_covered": 100.0, "percent_covered_display": "100", "missing_lines": 0, "excluded_lines": 0}, "missing_lines": [], "excluded_lines": []}}, "classes": {"AccumulateData": {"executed_lines": [9, 10, 11, 18, 19, 20, 21, 22], "summary": {"covered_lines": 8, "num_statements": 9, "percent_covered": 88.88888888888889, "percent_covered_display": "89", "missing_lines": 1, "excluded_lines": 0}, "missing_lines": [15], "excluded_lines": []}, "": {"executed_lines": [1, 2, 4, 5, 7, 13, 17], "summary": {"covered_lines": 6, "num_statements": 6, "percent_covered": 100.0, "percent_covered_display": "100", "missing_lines": 0, "excluded_lines": 0}, "missing_lines": [], "excluded_lines": []}}}, "qmcpy/accumulate_data/ld_transform_bayes_data.py": {"executed_lines": [1, 2, 3, 4, 5, 6, 7, 8, 9, 10, 11, 14, 15, 20, 31, 32, 33, 34, 35, 36, 39, 40, 41, 42, 43, 44, 45, 46, 50, 54, 57, 58, 59, 61, 62, 64, 65, 66, 69, 70, 71, 72, 74, 78, 79, 80, 81, 83, 85, 89, 90, 93, 95, 96, 98, 105, 108, 109, 110, 111, 112, 113, 116, 117, 120, 121, 138, 147, 160, 161, 164, 166, 167, 171, 172, 173, 174, 176, 177, 181, 182, 187, 188, 189, 192, 194, 196, 199, 213, 214, 215, 221, 222, 223, 226, 228, 235, 236, 239, 240, 241, 246, 253, 260, 261, 263, 288, 290, 291, 299, 300, 320, 321, 322, 323, 324, 328, 329, 331, 332, 333, 335, 336, 338, 339, 340, 345, 346], "summary": {"covered_lines": 127, "num_statements": 219, "percent_covered": 57.990867579908674, "percent_covered_display": "58", "missing_lines": 92, "excluded_lines": 0}, "missing_lines": [52, 91, 100, 123, 124, 125, 128, 129, 130, 132, 134, 140, 141, 143, 146, 149, 150, 152, 154, 155, 156, 157, 163, 169, 178, 201, 202, 203, 205, 207, 208, 210, 217, 218, 225, 229, 230, 231, 232, 233, 254, 258, 270, 271, 273, 275, 276, 277, 279, 281, 282, 283, 286, 292, 293, 295, 301, 302, 303, 304, 305, 306, 307, 308, 309, 310, 311, 312, 314, 315, 316, 326, 347, 348, 349, 350, 351, 352, 353, 355, 356, 357, 359, 360, 361, 362, 363, 364, 365, 366, 367, 369], "excluded_lines": [], "functions": {"LDTransformBayesData.__init__": {"executed_lines": [31, 32, 33, 34, 35, 36, 39, 40, 41, 42, 43, 44, 45, 46, 50, 54, 57, 58, 59, 61, 62, 64, 65, 66, 69, 70, 71, 72, 74, 78, 79, 80, 81, 83], "summary": {"covered_lines": 34, "num_statements": 35, "percent_covered": 97.14285714285714, "percent_covered_display": "97", "missing_lines": 1, "excluded_lines": 0}, "missing_lines": [52], "excluded_lines": []}, "LDTransformBayesData.update_data": {"executed_lines": [89, 90, 93, 95, 96, 98, 105], "summary": {"covered_lines": 7, "num_statements": 9, "percent_covered": 77.77777777777777, "percent_covered_display": "78", "missing_lines": 2, "excluded_lines": 0}, "missing_lines": [91, 100], "excluded_lines": []}, "LDTransformBayesData._stopping_criterion": {"executed_lines": [109, 110, 111, 112, 113, 116, 117, 120, 121, 138, 147, 160, 161, 164, 166, 167, 171, 172, 173, 174, 176, 177, 181, 182], "summary": {"covered_lines": 24, "num_statements": 46, "percent_covered": 52.17391304347826, "percent_covered_display": "52", "missing_lines": 22, "excluded_lines": 0}, "missing_lines": [123, 124, 125, 128, 129, 130, 132, 134, 140, 141, 143, 146, 149, 150, 152, 154, 155, 156, 157, 163, 169, 178], "excluded_lines": []}, "LDTransformBayesData.objective_function": {"executed_lines": [188, 189, 192, 194, 196, 199, 213, 214, 215, 221, 222, 223, 226, 228, 235, 236], "summary": {"covered_lines": 16, "num_statements": 31, "percent_covered": 51.61290322580645, "percent_covered_display": "52", "missing_lines": 15, "excluded_lines": 0}, "missing_lines": [201, 202, 203, 205, 207, 208, 210, 217, 218, 225, 229, 230, 231, 232, 233], "excluded_lines": []}, "LDTransformBayesData.iter_fbt": {"executed_lines": [240, 241, 246, 253, 260, 261, 263, 288], "summary": {"covered_lines": 8, "num_statements": 21, "percent_covered": 38.095238095238095, "percent_covered_display": "38", "missing_lines": 13, "excluded_lines": 0}, "missing_lines": [254, 258, 270, 271, 273, 275, 276, 277, 279, 281, 282, 283, 286], "excluded_lines": []}, "LDTransformBayesData.gen_samples": {"executed_lines": [], "summary": {"covered_lines": 0, "num_statements": 3, "percent_covered": 0.0, "percent_covered_display": "0", "missing_lines": 3, "excluded_lines": 0}, "missing_lines": [292, 293, 295], "excluded_lines": []}, "LDTransformBayesData.merge_pts": {"executed_lines": [], "summary": {"covered_lines": 0, "num_statements": 15, "percent_covered": 0.0, "percent_covered_display": "0", "missing_lines": 15, "excluded_lines": 0}, "missing_lines": [301, 302, 303, 304, 305, 306, 307, 308, 309, 310, 311, 312, 314, 315, 316], "excluded_lines": []}, "LDTransformBayesData.kernel_t": {"executed_lines": [322, 323, 324, 328, 329, 331, 332, 333, 335, 336, 338, 339, 340], "summary": {"covered_lines": 13, "num_statements": 14, "percent_covered": 92.85714285714286, "percent_covered_display": "93", "missing_lines": 1, "excluded_lines": 0}, "missing_lines": [326], "excluded_lines": []}, "LDTransformBayesData.alert_msg": {"executed_lines": [], "summary": {"covered_lines": 0, "num_statements": 20, "percent_covered": 0.0, "percent_covered_display": "0", "missing_lines": 20, "excluded_lines": 0}, "missing_lines": [347, 348, 349, 350, 351, 352, 353, 355, 356, 357, 359, 360, 361, 362, 363, 364, 365, 366, 367, 369], "excluded_lines": []}, "": {"executed_lines": [1, 2, 3, 4, 5, 6, 7, 8, 9, 10, 11, 14, 15, 20, 85, 108, 187, 239, 290, 291, 299, 300, 320, 321, 345, 346], "summary": {"covered_lines": 25, "num_statements": 25, "percent_covered": 100.0, "percent_covered_display": "100", "missing_lines": 0, "excluded_lines": 0}, "missing_lines": [], "excluded_lines": []}}, "classes": {"LDTransformBayesData": {"executed_lines": [31, 32, 33, 34, 35, 36, 39, 40, 41, 42, 43, 44, 45, 46, 50, 54, 57, 58, 59, 61, 62, 64, 65, 66, 69, 70, 71, 72, 74, 78, 79, 80, 81, 83, 89, 90, 93, 95, 96, 98, 105, 109, 110, 111, 112, 113, 116, 117, 120, 121, 138, 147, 160, 161, 164, 166, 167, 171, 172, 173, 174, 176, 177, 181, 182, 188, 189, 192, 194, 196, 199, 213, 214, 215, 221, 222, 223, 226, 228, 235, 236, 240, 241, 246, 253, 260, 261, 263, 288, 322, 323, 324, 328, 329, 331, 332, 333, 335, 336, 338, 339, 340], "summary": {"covered_lines": 102, "num_statements": 194, "percent_covered": 52.577319587628864, "percent_covered_display": "53", "missing_lines": 92, "excluded_lines": 0}, "missing_lines": [52, 91, 100, 123, 124, 125, 128, 129, 130, 132, 134, 140, 141, 143, 146, 149, 150, 152, 154, 155, 156, 157, 163, 169, 178, 201, 202, 203, 205, 207, 208, 210, 217, 218, 225, 229, 230, 231, 232, 233, 254, 258, 270, 271, 273, 275, 276, 277, 279, 281, 282, 283, 286, 292, 293, 295, 301, 302, 303, 304, 305, 306, 307, 308, 309, 310, 311, 312, 314, 315, 316, 326, 347, 348, 349, 350, 351, 352, 353, 355, 356, 357, 359, 360, 361, 362, 363, 364, 365, 366, 367, 369], "excluded_lines": []}, "": {"executed_lines": [1, 2, 3, 4, 5, 6, 7, 8, 9, 10, 11, 14, 15, 20, 85, 108, 187, 239, 290, 291, 299, 300, 320, 321, 345, 346], "summary": {"covered_lines": 25, "num_statements": 25, "percent_covered": 100.0, "percent_covered_display": "100", "missing_lines": 0, "excluded_lines": 0}, "missing_lines": [], "excluded_lines": []}}}, "qmcpy/accumulate_data/ld_transform_data.py": {"executed_lines": [1, 2, 3, 4, 5, 8, 9, 14, 15, 16, 17, 18, 19, 20, 21, 22, 23, 24, 25, 26, 27, 28, 29, 30, 31, 32, 33, 35, 36, 37, 38, 39, 40, 41, 42, 43, 44, 45, 46, 47, 48, 49, 50, 51, 53, 54, 55, 56, 57, 58, 59, 60, 61, 62, 69, 70, 71, 72, 73, 74, 75, 76, 77, 78, 79, 80, 81, 82, 84, 85, 87, 88, 89, 90, 91, 92, 93, 94, 95, 96, 97, 98, 99, 101, 102, 103, 104, 105, 106, 107, 108, 109, 110, 111, 112, 113, 115, 116, 117, 118, 119, 120, 121], "summary": {"covered_lines": 102, "num_statements": 107, "percent_covered": 95.32710280373831, "percent_covered_display": "95", "missing_lines": 5, "excluded_lines": 0}, "missing_lines": [64, 65, 66, 67, 68], "excluded_lines": [], "functions": {"LDTransformData.__init__": {"executed_lines": [15, 16, 17, 18, 19, 20, 21, 22, 23, 24, 25, 26, 27, 28, 29, 30, 31, 32, 33], "summary": {"covered_lines": 19, "num_statements": 19, "percent_covered": 100.0, "percent_covered_display": "100", "missing_lines": 0, "excluded_lines": 0}, "missing_lines": [], "excluded_lines": []}, "LDTransformData.update_data": {"executed_lines": [36, 37, 38, 39, 40, 41, 42, 43, 44, 45, 46, 47, 48, 49, 50, 51, 53, 54, 55, 56, 57, 58, 59, 60, 61, 62, 69, 70, 71, 72, 73, 74, 75, 76, 77, 78, 79, 80, 81, 82, 84, 85], "summary": {"covered_lines": 42, "num_statements": 47, "percent_covered": 89.36170212765957, "percent_covered_display": "89", "missing_lines": 5, "excluded_lines": 0}, "missing_lines": [64, 65, 66, 67, 68], "excluded_lines": []}, "LDTransformData.fast_transform": {"executed_lines": [88, 89, 90, 91, 92, 93, 94, 95, 96, 97, 98, 99], "summary": {"covered_lines": 12, "num_statements": 12, "percent_covered": 100.0, "percent_covered_display": "100", "missing_lines": 0, "excluded_lines": 0}, "missing_lines": [], "excluded_lines": []}, "LDTransformData.update_kappanumap": {"executed_lines": [102, 103, 104, 105, 106, 107, 108, 109, 110, 111, 112, 113], "summary": {"covered_lines": 12, "num_statements": 12, "percent_covered": 100.0, "percent_covered_display": "100", "missing_lines": 0, "excluded_lines": 0}, "missing_lines": [], "excluded_lines": []}, "LDTransformData.beta_update": {"executed_lines": [116, 117, 118, 119, 120, 121], "summary": {"covered_lines": 6, "num_statements": 6, "percent_covered": 100.0, "percent_covered_display": "100", "missing_lines": 0, "excluded_lines": 0}, "missing_lines": [], "excluded_lines": []}, "": {"executed_lines": [1, 2, 3, 4, 5, 8, 9, 14, 35, 87, 101, 115], "summary": {"covered_lines": 11, "num_statements": 11, "percent_covered": 100.0, "percent_covered_display": "100", "missing_lines": 0, "excluded_lines": 0}, "missing_lines": [], "excluded_lines": []}}, "classes": {"LDTransformData": {"executed_lines": [15, 16, 17, 18, 19, 20, 21, 22, 23, 24, 25, 26, 27, 28, 29, 30, 31, 32, 33, 36, 37, 38, 39, 40, 41, 42, 43, 44, 45, 46, 47, 48, 49, 50, 51, 53, 54, 55, 56, 57, 58, 59, 60, 61, 62, 69, 70, 71, 72, 73, 74, 75, 76, 77, 78, 79, 80, 81, 82, 84, 85, 88, 89, 90, 91, 92, 93, 94, 95, 96, 97, 98, 99, 102, 103, 104, 105, 106, 107, 108, 109, 110, 111, 112, 113, 116, 117, 118, 119, 120, 121], "summary": {"covered_lines": 91, "num_statements": 96, "percent_covered": 94.79166666666667, "percent_covered_display": "95", "missing_lines": 5, "excluded_lines": 0}, "missing_lines": [64, 65, 66, 67, 68], "excluded_lines": []}, "": {"executed_lines": [1, 2, 3, 4, 5, 8, 9, 14, 35, 87, 101, 115], "summary": {"covered_lines": 11, "num_statements": 11, "percent_covered": 100.0, "percent_covered_display": "100", "missing_lines": 0, "excluded_lines": 0}, "missing_lines": [], "excluded_lines": []}}}, "qmcpy/accumulate_data/mean_var_data.py": {"executed_lines": [1, 2, 3, 4, 5, 7, 8, 10, 23, 24, 25, 26, 27, 28, 30, 31, 32, 34, 36, 38, 39, 43, 44, 46, 47, 48, 49, 52, 53, 54, 55, 56, 57, 58, 59, 60, 61, 63, 64, 65, 66, 67, 68, 69, 70, 72, 73, 74, 75, 76, 78, 79, 80, 81, 82, 83, 84, 85, 86, 87], "summary": {"covered_lines": 59, "num_statements": 64, "percent_covered": 92.1875, "percent_covered_display": "92", "missing_lines": 5, "excluded_lines": 0}, "missing_lines": [33, 35, 37, 40, 50], "excluded_lines": [], "functions": {"MeanVarData.__init__": {"executed_lines": [23, 24, 25, 26, 27, 28, 30, 31, 32, 34, 36, 38, 39, 43, 44, 46, 47, 48, 49, 52, 53, 54, 55, 56, 57, 58, 59, 60, 61], "summary": {"covered_lines": 29, "num_statements": 34, "percent_covered": 85.29411764705883, "percent_covered_display": "85", "missing_lines": 5, "excluded_lines": 0}, "missing_lines": [33, 35, 37, 40, 50], "excluded_lines": []}, "MeanVarData.update_data": {"executed_lines": [64, 65, 66, 67, 68, 69, 70, 72, 73, 74, 75, 76, 78, 79, 80, 81, 82, 83, 84, 85, 86, 87], "summary": {"covered_lines": 22, "num_statements": 22, "percent_covered": 100.0, "percent_covered_display": "100", "missing_lines": 0, "excluded_lines": 0}, "missing_lines": [], "excluded_lines": []}, "": {"executed_lines": [1, 2, 3, 4, 5, 7, 8, 10, 63], "summary": {"covered_lines": 8, "num_statements": 8, "percent_covered": 100.0, "percent_covered_display": "100", "missing_lines": 0, "excluded_lines": 0}, "missing_lines": [], "excluded_lines": []}}, "classes": {"MeanVarData": {"executed_lines": [23, 24, 25, 26, 27, 28, 30, 31, 32, 34, 36, 38, 39, 43, 44, 46, 47, 48, 49, 52, 53, 54, 55, 56, 57, 58, 59, 60, 61, 64, 65, 66, 67, 68, 69, 70, 72, 73, 74, 75, 76, 78, 79, 80, 81, 82, 83, 84, 85, 86, 87], "summary": {"covered_lines": 51, "num_statements": 56, "percent_covered": 91.07142857142857, "percent_covered_display": "91", "missing_lines": 5, "excluded_lines": 0}, "missing_lines": [33, 35, 37, 40, 50], "excluded_lines": []}, "": {"executed_lines": [1, 2, 3, 4, 5, 7, 8, 10, 63], "summary": {"covered_lines": 8, "num_statements": 8, "percent_covered": 100.0, "percent_covered_display": "100", "missing_lines": 0, "excluded_lines": 0}, "missing_lines": [], "excluded_lines": []}}}, "qmcpy/accumulate_data/mean_var_data_rep.py": {"executed_lines": [1, 2, 4, 5, 10, 11, 12, 13, 14, 15, 16, 18, 19, 20, 21, 22, 23, 24, 25], "summary": {"covered_lines": 18, "num_statements": 18, "percent_covered": 100.0, "percent_covered_display": "100", "missing_lines": 0, "excluded_lines": 0}, "missing_lines": [], "excluded_lines": [], "functions": {"MeanVarDataRep.__init__": {"executed_lines": [11, 12, 13, 14, 15, 16], "summary": {"covered_lines": 6, "num_statements": 6, "percent_covered": 100.0, "percent_covered_display": "100", "missing_lines": 0, "excluded_lines": 0}, "missing_lines": [], "excluded_lines": []}, "MeanVarDataRep.update_data": {"executed_lines": [19, 20, 21, 22, 23, 24, 25], "summary": {"covered_lines": 7, "num_statements": 7, "percent_covered": 100.0, "percent_covered_display": "100", "missing_lines": 0, "excluded_lines": 0}, "missing_lines": [], "excluded_lines": []}, "": {"executed_lines": [1, 2, 4, 5, 10, 18], "summary": {"covered_lines": 5, "num_statements": 5, "percent_covered": 100.0, "percent_covered_display": "100", "missing_lines": 0, "excluded_lines": 0}, "missing_lines": [], "excluded_lines": []}}, "classes": {"MeanVarDataRep": {"executed_lines": [11, 12, 13, 14, 15, 16, 19, 20, 21, 22, 23, 24, 25], "summary": {"covered_lines": 13, "num_statements": 13, "percent_covered": 100.0, "percent_covered_display": "100", "missing_lines": 0, "excluded_lines": 0}, "missing_lines": [], "excluded_lines": []}, "": {"executed_lines": [1, 2, 4, 5, 10, 18], "summary": {"covered_lines": 5, "num_statements": 5, "percent_covered": 100.0, "percent_covered_display": "100", "missing_lines": 0, "excluded_lines": 0}, "missing_lines": [], "excluded_lines": []}}}, "qmcpy/accumulate_data/mean_var_data_vec.py": {"executed_lines": [1, 2, 4, 5, 10, 11, 12, 13, 15, 16, 17, 18, 19], "summary": {"covered_lines": 12, "num_statements": 12, "percent_covered": 100.0, "percent_covered_display": "100", "missing_lines": 0, "excluded_lines": 0}, "missing_lines": [], "excluded_lines": [], "functions": {"MeanVarDataVec.__init__": {"executed_lines": [11, 12, 13], "summary": {"covered_lines": 3, "num_statements": 3, "percent_covered": 100.0, "percent_covered_display": "100", "missing_lines": 0, "excluded_lines": 0}, "missing_lines": [], "excluded_lines": []}, "MeanVarDataVec.update_data": {"executed_lines": [16, 17, 18, 19], "summary": {"covered_lines": 4, "num_statements": 4, "percent_covered": 100.0, "percent_covered_display": "100", "missing_lines": 0, "excluded_lines": 0}, "missing_lines": [], "excluded_lines": []}, "": {"executed_lines": [1, 2, 4, 5, 10, 15], "summary": {"covered_lines": 5, "num_statements": 5, "percent_covered": 100.0, "percent_covered_display": "100", "missing_lines": 0, "excluded_lines": 0}, "missing_lines": [], "excluded_lines": []}}, "classes": {"MeanVarDataVec": {"executed_lines": [11, 12, 13, 16, 17, 18, 19], "summary": {"covered_lines": 7, "num_statements": 7, "percent_covered": 100.0, "percent_covered_display": "100", "missing_lines": 0, "excluded_lines": 0}, "missing_lines": [], "excluded_lines": []}, "": {"executed_lines": [1, 2, 4, 5, 10, 15], "summary": {"covered_lines": 5, "num_statements": 5, "percent_covered": 100.0, "percent_covered_display": "100", "missing_lines": 0, "excluded_lines": 0}, "missing_lines": [], "excluded_lines": []}}}, "qmcpy/accumulate_data/mlmc_data.py": {"executed_lines": [1, 2, 3, 6, 7, 13, 29, 31, 32, 33, 34, 36, 37, 38, 39, 40, 41, 42, 43, 44, 45, 46, 47, 48, 49, 50, 51, 53, 56, 57, 59, 60, 61, 63, 64, 65, 66, 67, 68, 70, 71, 72, 75, 76, 77, 79, 80, 81, 82, 83, 84, 85, 86, 87, 88, 89, 90, 92, 94, 95, 96, 97, 98, 99, 100, 101, 103, 104, 105], "summary": {"covered_lines": 68, "num_statements": 68, "percent_covered": 100.0, "percent_covered_display": "100", "missing_lines": 0, "excluded_lines": 0}, "missing_lines": [], "excluded_lines": [], "functions": {"MLMCData.__init__": {"executed_lines": [29, 31, 32, 33, 34, 36, 37, 38, 39, 40, 41, 42, 43, 44, 45, 46, 47, 48, 49, 50, 51], "summary": {"covered_lines": 21, "num_statements": 21, "percent_covered": 100.0, "percent_covered_display": "100", "missing_lines": 0, "excluded_lines": 0}, "missing_lines": [], "excluded_lines": []}, "MLMCData.update_data": {"executed_lines": [56, 57, 59, 60, 61, 63, 64, 65, 66, 67, 68, 70, 71, 72, 75, 76, 77, 79, 80, 81, 82, 83, 84, 85, 86, 87, 88, 89, 90], "summary": {"covered_lines": 29, "num_statements": 29, "percent_covered": 100.0, "percent_covered_display": "100", "missing_lines": 0, "excluded_lines": 0}, "missing_lines": [], "excluded_lines": []}, "MLMCData._add_level": {"executed_lines": [94, 95, 96, 97, 98, 99, 100, 101, 103, 104, 105], "summary": {"covered_lines": 11, "num_statements": 11, "percent_covered": 100.0, "percent_covered_display": "100", "missing_lines": 0, "excluded_lines": 0}, "missing_lines": [], "excluded_lines": []}, "": {"executed_lines": [1, 2, 3, 6, 7, 13, 53, 92], "summary": {"covered_lines": 7, "num_statements": 7, "percent_covered": 100.0, "percent_covered_display": "100", "missing_lines": 0, "excluded_lines": 0}, "missing_lines": [], "excluded_lines": []}}, "classes": {"MLMCData": {"executed_lines": [29, 31, 32, 33, 34, 36, 37, 38, 39, 40, 41, 42, 43, 44, 45, 46, 47, 48, 49, 50, 51, 56, 57, 59, 60, 61, 63, 64, 65, 66, 67, 68, 70, 71, 72, 75, 76, 77, 79, 80, 81, 82, 83, 84, 85, 86, 87, 88, 89, 90, 94, 95, 96, 97, 98, 99, 100, 101, 103, 104, 105], "summary": {"covered_lines": 61, "num_statements": 61, "percent_covered": 100.0, "percent_covered_display": "100", "missing_lines": 0, "excluded_lines": 0}, "missing_lines": [], "excluded_lines": []}, "": {"executed_lines": [1, 2, 3, 6, 7, 13, 53, 92], "summary": {"covered_lines": 7, "num_statements": 7, "percent_covered": 100.0, "percent_covered_display": "100", "missing_lines": 0, "excluded_lines": 0}, "missing_lines": [], "excluded_lines": []}}}, "qmcpy/accumulate_data/mlqmc_data.py": {"executed_lines": [1, 2, 3, 5, 6, 12, 23, 24, 25, 26, 27, 29, 30, 31, 32, 33, 34, 35, 36, 37, 38, 39, 40, 41, 42, 43, 45, 48, 49, 51, 52, 54, 56, 57, 58, 59, 60, 61, 62, 63, 64, 65, 66, 67, 68, 69, 70, 71, 72, 74, 75, 76, 77, 78, 79, 80, 81, 82, 84, 86, 87, 88, 89, 90, 91, 92, 93, 94, 96], "summary": {"covered_lines": 68, "num_statements": 79, "percent_covered": 86.07594936708861, "percent_covered_display": "86", "missing_lines": 11, "excluded_lines": 0}, "missing_lines": [98, 99, 100, 101, 102, 103, 104, 105, 107, 108, 109], "excluded_lines": [], "functions": {"MLQMCData.__init__": {"executed_lines": [23, 24, 25, 26, 27, 29, 30, 31, 32, 33, 34, 35, 36, 37, 38, 39, 40, 41, 42, 43], "summary": {"covered_lines": 20, "num_statements": 20, "percent_covered": 100.0, "percent_covered_display": "100", "missing_lines": 0, "excluded_lines": 0}, "missing_lines": [], "excluded_lines": []}, "MLQMCData.update_data": {"executed_lines": [48, 49, 51, 52, 54, 56, 57, 58, 59, 60, 61, 62, 63, 64, 65, 66, 67, 68, 69, 70, 71, 72], "summary": {"covered_lines": 22, "num_statements": 22, "percent_covered": 100.0, "percent_covered_display": "100", "missing_lines": 0, "excluded_lines": 0}, "missing_lines": [], "excluded_lines": []}, "MLQMCData._update_bias_estimate": {"executed_lines": [75, 76, 77, 78, 79, 80, 81, 82], "summary": {"covered_lines": 8, "num_statements": 8, "percent_covered": 100.0, "percent_covered_display": "100", "missing_lines": 0, "excluded_lines": 0}, "missing_lines": [], "excluded_lines": []}, "MLQMCData._add_level": {"executed_lines": [86, 87, 88, 89, 90, 91, 92, 93, 94], "summary": {"covered_lines": 9, "num_statements": 9, "percent_covered": 100.0, "percent_covered_display": "100", "missing_lines": 0, "excluded_lines": 0}, "missing_lines": [], "excluded_lines": []}, "MLQMCData._add_level_MLMC": {"executed_lines": [], "summary": {"covered_lines": 0, "num_statements": 11, "percent_covered": 0.0, "percent_covered_display": "0", "missing_lines": 11, "excluded_lines": 0}, "missing_lines": [98, 99, 100, 101, 102, 103, 104, 105, 107, 108, 109], "excluded_lines": []}, "": {"executed_lines": [1, 2, 3, 5, 6, 12, 45, 74, 84, 96], "summary": {"covered_lines": 9, "num_statements": 9, "percent_covered": 100.0, "percent_covered_display": "100", "missing_lines": 0, "excluded_lines": 0}, "missing_lines": [], "excluded_lines": []}}, "classes": {"MLQMCData": {"executed_lines": [23, 24, 25, 26, 27, 29, 30, 31, 32, 33, 34, 35, 36, 37, 38, 39, 40, 41, 42, 43, 48, 49, 51, 52, 54, 56, 57, 58, 59, 60, 61, 62, 63, 64, 65, 66, 67, 68, 69, 70, 71, 72, 75, 76, 77, 78, 79, 80, 81, 82, 86, 87, 88, 89, 90, 91, 92, 93, 94], "summary": {"covered_lines": 59, "num_statements": 70, "percent_covered": 84.28571428571429, "percent_covered_display": "84", "missing_lines": 11, "excluded_lines": 0}, "missing_lines": [98, 99, 100, 101, 102, 103, 104, 105, 107, 108, 109], "excluded_lines": []}, "": {"executed_lines": [1, 2, 3, 5, 6, 12, 45, 74, 84, 96], "summary": {"covered_lines": 9, "num_statements": 9, "percent_covered": 100.0, "percent_covered_display": "100", "missing_lines": 0, "excluded_lines": 0}, "missing_lines": [], "excluded_lines": []}}}, "qmcpy/accumulate_data/pf_gp_ci_data.py": {"executed_lines": [1, 2, 3, 4, 5, 6, 7, 9, 13, 15, 18, 19, 21, 60, 87, 92, 113, 161], "summary": {"covered_lines": 17, "num_statements": 176, "percent_covered": 9.659090909090908, "percent_covered_display": "10", "missing_lines": 159, "excluded_lines": 0}, "missing_lines": [10, 11, 12, 14, 16, 24, 25, 26, 27, 28, 29, 30, 31, 32, 33, 34, 35, 36, 37, 38, 39, 40, 41, 42, 43, 44, 45, 46, 47, 48, 49, 50, 51, 57, 58, 61, 62, 63, 64, 70, 76, 77, 78, 79, 80, 81, 82, 83, 84, 85, 88, 89, 90, 93, 94, 95, 97, 98, 99, 100, 101, 102, 103, 104, 105, 106, 107, 108, 110, 111, 112, 114, 115, 116, 117, 118, 119, 120, 121, 122, 123, 124, 125, 131, 132, 133, 134, 135, 136, 137, 138, 144, 145, 146, 147, 148, 149, 150, 151, 152, 153, 154, 156, 157, 158, 159, 160, 162, 163, 164, 165, 166, 167, 168, 169, 170, 171, 172, 173, 174, 175, 176, 177, 178, 179, 180, 186, 187, 188, 189, 190, 191, 192, 193, 199, 200, 201, 202, 203, 204, 205, 206, 207, 208, 209, 210, 211, 212, 213, 214, 215, 216, 217, 218, 219, 220, 221, 222, 223], "excluded_lines": [], "functions": {"_get_phi": {"executed_lines": [], "summary": {"covered_lines": 0, "num_statements": 3, "percent_covered": 0.0, "percent_covered_display": "0", "missing_lines": 3, "excluded_lines": 0}, "missing_lines": [10, 11, 12], "excluded_lines": []}, "_error_udens_from_phi": {"executed_lines": [], "summary": {"covered_lines": 0, "num_statements": 1, "percent_covered": 0.0, "percent_covered_display": "0", "missing_lines": 1, "excluded_lines": 0}, "missing_lines": [14], "excluded_lines": []}, "_error_udens": {"executed_lines": [], "summary": {"covered_lines": 0, "num_statements": 1, "percent_covered": 0.0, "percent_covered_display": "0", "missing_lines": 1, "excluded_lines": 0}, "missing_lines": [16], "excluded_lines": []}, "PFGPCIData.__init__": {"executed_lines": [], "summary": {"covered_lines": 0, "num_statements": 30, "percent_covered": 0.0, "percent_covered_display": "0", "missing_lines": 30, "excluded_lines": 0}, "missing_lines": [24, 25, 26, 27, 28, 29, 30, 31, 32, 33, 34, 35, 36, 37, 38, 39, 40, 41, 42, 43, 44, 45, 46, 47, 48, 49, 50, 51, 57, 58], "excluded_lines": []}, "PFGPCIData.update_data": {"executed_lines": [], "summary": {"covered_lines": 0, "num_statements": 15, "percent_covered": 0.0, "percent_covered_display": "0", "missing_lines": 15, "excluded_lines": 0}, "missing_lines": [61, 62, 63, 64, 70, 76, 77, 78, 79, 80, 81, 82, 83, 84, 85], "excluded_lines": []}, "PFGPCIData.get_results_dict": {"executed_lines": [], "summary": {"covered_lines": 0, "num_statements": 3, "percent_covered": 0.0, "percent_covered_display": "0", "missing_lines": 3, "excluded_lines": 0}, "missing_lines": [88, 89, 90], "excluded_lines": []}, "PFGPCIData.plot": {"executed_lines": [], "summary": {"covered_lines": 0, "num_statements": 18, "percent_covered": 0.0, "percent_covered_display": "0", "missing_lines": 18, "excluded_lines": 0}, "missing_lines": [93, 94, 95, 97, 98, 99, 100, 101, 102, 103, 104, 105, 106, 107, 108, 110, 111, 112], "excluded_lines": []}, "PFGPCIData.plot_1d": {"executed_lines": [], "summary": {"covered_lines": 0, "num_statements": 36, "percent_covered": 0.0, "percent_covered_display": "0", "missing_lines": 36, "excluded_lines": 0}, "missing_lines": [114, 115, 116, 117, 118, 119, 120, 121, 122, 123, 124, 125, 131, 132, 133, 134, 135, 136, 137, 138, 144, 145, 146, 147, 148, 149, 150, 151, 152, 153, 154, 156, 157, 158, 159, 160], "excluded_lines": []}, "PFGPCIData.plot_2d": {"executed_lines": [], "summary": {"covered_lines": 0, "num_statements": 52, "percent_covered": 0.0, "percent_covered_display": "0", "missing_lines": 52, "excluded_lines": 0}, "missing_lines": [162, 163, 164, 165, 166, 167, 168, 169, 170, 171, 172, 173, 174, 175, 176, 177, 178, 179, 180, 186, 187, 188, 189, 190, 191, 192, 193, 199, 200, 201, 202, 203, 204, 205, 206, 207, 208, 209, 210, 211, 212, 213, 214, 215, 216, 217, 218, 219, 220, 221, 222, 223], "excluded_lines": []}, "": {"executed_lines": [1, 2, 3, 4, 5, 6, 7, 9, 13, 15, 18, 19, 21, 60, 87, 92, 113, 161], "summary": {"covered_lines": 17, "num_statements": 17, "percent_covered": 100.0, "percent_covered_display": "100", "missing_lines": 0, "excluded_lines": 0}, "missing_lines": [], "excluded_lines": []}}, "classes": {"PFGPCIData": {"executed_lines": [], "summary": {"covered_lines": 0, "num_statements": 154, "percent_covered": 0.0, "percent_covered_display": "0", "missing_lines": 154, "excluded_lines": 0}, "missing_lines": [24, 25, 26, 27, 28, 29, 30, 31, 32, 33, 34, 35, 36, 37, 38, 39, 40, 41, 42, 43, 44, 45, 46, 47, 48, 49, 50, 51, 57, 58, 61, 62, 63, 64, 70, 76, 77, 78, 79, 80, 81, 82, 83, 84, 85, 88, 89, 90, 93, 94, 95, 97, 98, 99, 100, 101, 102, 103, 104, 105, 106, 107, 108, 110, 111, 112, 114, 115, 116, 117, 118, 119, 120, 121, 122, 123, 124, 125, 131, 132, 133, 134, 135, 136, 137, 138, 144, 145, 146, 147, 148, 149, 150, 151, 152, 153, 154, 156, 157, 158, 159, 160, 162, 163, 164, 165, 166, 167, 168, 169, 170, 171, 172, 173, 174, 175, 176, 177, 178, 179, 180, 186, 187, 188, 189, 190, 191, 192, 193, 199, 200, 201, 202, 203, 204, 205, 206, 207, 208, 209, 210, 211, 212, 213, 214, 215, 216, 217, 218, 219, 220, 221, 222, 223], "excluded_lines": []}, "": {"executed_lines": [1, 2, 3, 4, 5, 6, 7, 9, 13, 15, 18, 19, 21, 60, 87, 92, 113, 161], "summary": {"covered_lines": 17, "num_statements": 22, "percent_covered": 77.27272727272727, "percent_covered_display": "77", "missing_lines": 5, "excluded_lines": 0}, "missing_lines": [10, 11, 12, 14, 16], "excluded_lines": []}}}, "qmcpy/discrete_distribution/__init__.py": {"executed_lines": [1, 2, 3, 4, 5], "summary": {"covered_lines": 5, "num_statements": 5, "percent_covered": 100.0, "percent_covered_display": "100", "missing_lines": 0, "excluded_lines": 0}, "missing_lines": [], "excluded_lines": [], "functions": {"": {"executed_lines": [1, 2, 3, 4, 5], "summary": {"covered_lines": 5, "num_statements": 5, "percent_covered": 100.0, "percent_covered_display": "100", "missing_lines": 0, "excluded_lines": 0}, "missing_lines": [], "excluded_lines": []}}, "classes": {"": {"executed_lines": [1, 2, 3, 4, 5], "summary": {"covered_lines": 5, "num_statements": 5, "percent_covered": 100.0, "percent_covered_display": "100", "missing_lines": 0, "excluded_lines": 0}, "missing_lines": [], "excluded_lines": []}}}, "qmcpy/discrete_distribution/_discrete_distribution.py": {"executed_lines": [1, 2, 4, 5, 7, 16, 17, 19, 21, 22, 23, 25, 29, 30, 31, 33, 34, 35, 36, 38, 50, 55, 67, 68, 69, 71, 72, 75, 76, 78, 91, 92, 94, 106, 108], "summary": {"covered_lines": 34, "num_statements": 50, "percent_covered": 68.0, "percent_covered_display": "68", "missing_lines": 16, "excluded_lines": 0}, "missing_lines": [18, 20, 24, 26, 27, 32, 48, 52, 70, 74, 89, 95, 96, 101, 102, 104], "excluded_lines": [], "functions": {"DiscreteDistribution.__init__": {"executed_lines": [16, 17, 19, 21, 22, 23, 25, 29, 30, 31, 33, 34, 35, 36], "summary": {"covered_lines": 14, "num_statements": 20, "percent_covered": 70.0, "percent_covered_display": "70", "missing_lines": 6, "excluded_lines": 0}, "missing_lines": [18, 20, 24, 26, 27, 32], "excluded_lines": []}, "DiscreteDistribution.gen_samples": {"executed_lines": [], "summary": {"covered_lines": 0, "num_statements": 1, "percent_covered": 0.0, "percent_covered_display": "0", "missing_lines": 1, "excluded_lines": 0}, "missing_lines": [48], "excluded_lines": []}, "DiscreteDistribution.pdf": {"executed_lines": [], "summary": {"covered_lines": 0, "num_statements": 1, "percent_covered": 0.0, "percent_covered_display": "0", "missing_lines": 1, "excluded_lines": 0}, "missing_lines": [52], "excluded_lines": []}, "DiscreteDistribution.spawn": {"executed_lines": [67, 68, 69, 71, 72, 75, 76], "summary": {"covered_lines": 7, "num_statements": 9, "percent_covered": 77.77777777777777, "percent_covered_display": "78", "missing_lines": 2, "excluded_lines": 0}, "missing_lines": [70, 74], "excluded_lines": []}, "DiscreteDistribution._spawn": {"executed_lines": [], "summary": {"covered_lines": 0, "num_statements": 1, "percent_covered": 0.0, "percent_covered_display": "0", "missing_lines": 1, "excluded_lines": 0}, "missing_lines": [89], "excluded_lines": []}, "DiscreteDistribution.__repr__": {"executed_lines": [92], "summary": {"covered_lines": 1, "num_statements": 1, "percent_covered": 100.0, "percent_covered_display": "100", "missing_lines": 0, "excluded_lines": 0}, "missing_lines": [], "excluded_lines": []}, "DiscreteDistribution.__call__": {"executed_lines": [], "summary": {"covered_lines": 0, "num_statements": 5, "percent_covered": 0.0, "percent_covered_display": "0", "missing_lines": 5, "excluded_lines": 0}, "missing_lines": [95, 96, 101, 102, 104], "excluded_lines": []}, "": {"executed_lines": [1, 2, 4, 5, 7, 38, 50, 55, 78, 91, 94, 106, 108], "summary": {"covered_lines": 12, "num_statements": 12, "percent_covered": 100.0, "percent_covered_display": "100", "missing_lines": 0, "excluded_lines": 0}, "missing_lines": [], "excluded_lines": []}}, "classes": {"DiscreteDistribution": {"executed_lines": [16, 17, 19, 21, 22, 23, 25, 29, 30, 31, 33, 34, 35, 36, 67, 68, 69, 71, 72, 75, 76, 92], "summary": {"covered_lines": 22, "num_statements": 38, "percent_covered": 57.89473684210526, "percent_covered_display": "58", "missing_lines": 16, "excluded_lines": 0}, "missing_lines": [18, 20, 24, 26, 27, 32, 48, 52, 70, 74, 89, 95, 96, 101, 102, 104], "excluded_lines": []}, "LD": {"executed_lines": [], "summary": {"covered_lines": 0, "num_statements": 0, "percent_covered": 100.0, "percent_covered_display": "100", "missing_lines": 0, "excluded_lines": 0}, "missing_lines": [], "excluded_lines": []}, "IID": {"executed_lines": [], "summary": {"covered_lines": 0, "num_statements": 0, "percent_covered": 100.0, "percent_covered_display": "100", "missing_lines": 0, "excluded_lines": 0}, "missing_lines": [], "excluded_lines": []}, "": {"executed_lines": [1, 2, 4, 5, 7, 38, 50, 55, 78, 91, 94, 106, 108], "summary": {"covered_lines": 12, "num_statements": 12, "percent_covered": 100.0, "percent_covered_display": "100", "missing_lines": 0, "excluded_lines": 0}, "missing_lines": [], "excluded_lines": []}}}, "qmcpy/discrete_distribution/c_lib/__init__.py": {"executed_lines": [1], "summary": {"covered_lines": 1, "num_statements": 1, "percent_covered": 100.0, "percent_covered_display": "100", "missing_lines": 0, "excluded_lines": 0}, "missing_lines": [], "excluded_lines": [], "functions": {"": {"executed_lines": [1], "summary": {"covered_lines": 1, "num_statements": 1, "percent_covered": 100.0, "percent_covered_display": "100", "missing_lines": 0, "excluded_lines": 0}, "missing_lines": [], "excluded_lines": []}}, "classes": {"": {"executed_lines": [1], "summary": {"covered_lines": 1, "num_statements": 1, "percent_covered": 100.0, "percent_covered_display": "100", "missing_lines": 0, "excluded_lines": 0}, "missing_lines": [], "excluded_lines": []}}}, "qmcpy/discrete_distribution/c_lib/load_c_lib.py": {"executed_lines": [1, 2, 3, 4, 6, 7], "summary": {"covered_lines": 6, "num_statements": 8, "percent_covered": 75.0, "percent_covered_display": "75", "missing_lines": 2, "excluded_lines": 0}, "missing_lines": [8, 9], "excluded_lines": [], "functions": {"": {"executed_lines": [1, 2, 3, 4, 6, 7], "summary": {"covered_lines": 6, "num_statements": 8, "percent_covered": 75.0, "percent_covered_display": "75", "missing_lines": 2, "excluded_lines": 0}, "missing_lines": [8, 9], "excluded_lines": []}}, "classes": {"": {"executed_lines": [1, 2, 3, 4, 6, 7], "summary": {"covered_lines": 6, "num_statements": 8, "percent_covered": 75.0, "percent_covered_display": "75", "missing_lines": 2, "excluded_lines": 0}, "missing_lines": [8, 9], "excluded_lines": []}}}, "qmcpy/discrete_distribution/digital_net_b2/__init__.py": {"executed_lines": [1, 2], "summary": {"covered_lines": 2, "num_statements": 2, "percent_covered": 100.0, "percent_covered_display": "100", "missing_lines": 0, "excluded_lines": 0}, "missing_lines": [], "excluded_lines": [], "functions": {"": {"executed_lines": [1, 2], "summary": {"covered_lines": 2, "num_statements": 2, "percent_covered": 100.0, "percent_covered_display": "100", "missing_lines": 0, "excluded_lines": 0}, "missing_lines": [], "excluded_lines": []}}, "classes": {"": {"executed_lines": [1, 2], "summary": {"covered_lines": 2, "num_statements": 2, "percent_covered": 100.0, "percent_covered_display": "100", "missing_lines": 0, "excluded_lines": 0}, "missing_lines": [], "excluded_lines": []}}}, "qmcpy/discrete_distribution/digital_net_b2/digital_net_b2.py": {"executed_lines": [1, 2, 3, 4, 5, 6, 7, 10, 11, 211, 247, 248, 249, 250, 251, 252, 253, 254, 256, 257, 260, 261, 262, 263, 265, 266, 267, 268, 269, 270, 271, 272, 273, 274, 276, 278, 280, 282, 283, 286, 287, 288, 289, 290, 291, 292, 293, 294, 295, 296, 297, 298, 299, 300, 301, 302, 313, 314, 315, 317, 318, 319, 320, 321, 322, 323, 324, 325, 326, 327, 328, 329, 330, 331, 332, 333, 334, 335, 336, 337, 338, 339, 340, 342, 343, 344, 345, 346, 347, 348, 349, 350, 351, 352, 353, 354, 355, 356, 357, 359, 360, 361, 362, 363, 364, 365, 366, 368, 385, 386, 387, 388, 390, 392, 393, 394, 395, 396, 397, 398, 399, 401, 402, 403, 404, 405, 406, 407, 408, 409, 410, 413, 414, 415, 416, 417, 418, 419, 420, 421, 422, 423, 424, 426, 427, 428, 429, 430, 431, 432, 433, 434, 435, 436, 437, 438, 439, 440, 441, 442, 443, 446, 447, 448, 449, 450, 451, 452, 453, 454, 455, 456, 459, 460, 462, 465, 467, 469, 470, 472, 474, 476, 478, 479, 492], "summary": {"covered_lines": 184, "num_statements": 207, "percent_covered": 88.88888888888889, "percent_covered_display": "89", "missing_lines": 23, "excluded_lines": 0}, "missing_lines": [258, 264, 275, 277, 279, 281, 285, 303, 304, 305, 306, 307, 308, 310, 312, 389, 391, 412, 445, 458, 461, 463, 468], "excluded_lines": [], "functions": {"DigitalNetB2.__init__": {"executed_lines": [247, 248, 249, 250, 251, 252, 253, 254, 256, 257, 260, 261, 262, 263, 265, 266, 267, 268, 269, 270, 271, 272, 273, 274, 276, 278, 280, 282, 283, 286, 287, 288, 289, 290, 291, 292, 293, 294, 295, 296, 297, 298, 299, 300, 301, 302, 313, 314, 315, 317, 318, 319, 320, 321, 322, 323, 324, 325, 326, 327, 328, 329, 330, 331, 332, 333, 334, 335, 336, 337, 338, 339, 340, 342, 343, 344, 345, 346, 347, 348, 349, 350, 351, 352, 353, 354, 355, 356, 357, 359, 360, 361, 362, 363, 364, 365, 366], "summary": {"covered_lines": 97, "num_statements": 112, "percent_covered": 86.60714285714286, "percent_covered_display": "87", "missing_lines": 15, "excluded_lines": 0}, "missing_lines": [258, 264, 275, 277, 279, 281, 285, 303, 304, 305, 306, 307, 308, 310, 312], "excluded_lines": []}, "DigitalNetB2.gen_samples": {"executed_lines": [385, 386, 387, 388, 390, 392, 393, 394, 395, 396, 397, 398, 399, 401, 402, 403, 404, 405, 406, 407, 408, 409, 410, 413, 414, 415, 416, 417, 418, 419, 420, 421, 422, 423, 424, 426, 427, 428, 429, 430, 431, 432, 433, 434, 435, 436, 437, 438, 439, 440, 441, 442, 443, 446, 447, 448, 449, 450, 451, 452, 453, 454, 455, 456, 459, 460, 462, 465, 467, 469, 470, 472], "summary": {"covered_lines": 72, "num_statements": 80, "percent_covered": 90.0, "percent_covered_display": "90", "missing_lines": 8, "excluded_lines": 0}, "missing_lines": [389, 391, 412, 445, 458, 461, 463, 468], "excluded_lines": []}, "DigitalNetB2.pdf": {"executed_lines": [476], "summary": {"covered_lines": 1, "num_statements": 1, "percent_covered": 100.0, "percent_covered_display": "100", "missing_lines": 0, "excluded_lines": 0}, "missing_lines": [], "excluded_lines": []}, "DigitalNetB2._spawn": {"executed_lines": [479], "summary": {"covered_lines": 1, "num_statements": 1, "percent_covered": 100.0, "percent_covered_display": "100", "missing_lines": 0, "excluded_lines": 0}, "missing_lines": [], "excluded_lines": []}, "": {"executed_lines": [1, 2, 3, 4, 5, 6, 7, 10, 11, 211, 368, 474, 478, 492], "summary": {"covered_lines": 13, "num_statements": 13, "percent_covered": 100.0, "percent_covered_display": "100", "missing_lines": 0, "excluded_lines": 0}, "missing_lines": [], "excluded_lines": []}}, "classes": {"DigitalNetB2": {"executed_lines": [247, 248, 249, 250, 251, 252, 253, 254, 256, 257, 260, 261, 262, 263, 265, 266, 267, 268, 269, 270, 271, 272, 273, 274, 276, 278, 280, 282, 283, 286, 287, 288, 289, 290, 291, 292, 293, 294, 295, 296, 297, 298, 299, 300, 301, 302, 313, 314, 315, 317, 318, 319, 320, 321, 322, 323, 324, 325, 326, 327, 328, 329, 330, 331, 332, 333, 334, 335, 336, 337, 338, 339, 340, 342, 343, 344, 345, 346, 347, 348, 349, 350, 351, 352, 353, 354, 355, 356, 357, 359, 360, 361, 362, 363, 364, 365, 366, 385, 386, 387, 388, 390, 392, 393, 394, 395, 396, 397, 398, 399, 401, 402, 403, 404, 405, 406, 407, 408, 409, 410, 413, 414, 415, 416, 417, 418, 419, 420, 421, 422, 423, 424, 426, 427, 428, 429, 430, 431, 432, 433, 434, 435, 436, 437, 438, 439, 440, 441, 442, 443, 446, 447, 448, 449, 450, 451, 452, 453, 454, 455, 456, 459, 460, 462, 465, 467, 469, 470, 472, 476, 479], "summary": {"covered_lines": 171, "num_statements": 194, "percent_covered": 88.14432989690722, "percent_covered_display": "88", "missing_lines": 23, "excluded_lines": 0}, "missing_lines": [258, 264, 275, 277, 279, 281, 285, 303, 304, 305, 306, 307, 308, 310, 312, 389, 391, 412, 445, 458, 461, 463, 468], "excluded_lines": []}, "Sobol": {"executed_lines": [], "summary": {"covered_lines": 0, "num_statements": 0, "percent_covered": 100.0, "percent_covered_display": "100", "missing_lines": 0, "excluded_lines": 0}, "missing_lines": [], "excluded_lines": []}, "": {"executed_lines": [1, 2, 3, 4, 5, 6, 7, 10, 11, 211, 368, 474, 478, 492], "summary": {"covered_lines": 13, "num_statements": 13, "percent_covered": 100.0, "percent_covered_display": "100", "missing_lines": 0, "excluded_lines": 0}, "missing_lines": [], "excluded_lines": []}}}, "qmcpy/discrete_distribution/digital_net_b2/sobol_scipy.py": {"executed_lines": [1, 2, 3, 4, 6, 7, 49, 56, 57, 60, 61, 63, 64, 65, 66, 67, 68, 69, 70, 72, 85, 86, 87, 88, 90, 91, 92, 93, 94, 95, 96, 97, 98, 99, 100, 102], "summary": {"covered_lines": 35, "num_statements": 40, "percent_covered": 87.5, "percent_covered_display": "88", "missing_lines": 5, "excluded_lines": 0}, "missing_lines": [58, 59, 62, 89, 104], "excluded_lines": [], "functions": {"SobolSciPy.__init__": {"executed_lines": [56, 57, 60, 61, 63, 64, 65, 66, 67, 68, 69, 70], "summary": {"covered_lines": 12, "num_statements": 15, "percent_covered": 80.0, "percent_covered_display": "80", "missing_lines": 3, "excluded_lines": 0}, "missing_lines": [58, 59, 62], "excluded_lines": []}, "SobolSciPy.gen_samples": {"executed_lines": [85, 86, 87, 88, 90, 91, 92, 93, 94, 95, 96, 97, 98, 99, 100], "summary": {"covered_lines": 15, "num_statements": 16, "percent_covered": 93.75, "percent_covered_display": "94", "missing_lines": 1, "excluded_lines": 0}, "missing_lines": [89], "excluded_lines": []}, "SobolSciPy.pdf": {"executed_lines": [], "summary": {"covered_lines": 0, "num_statements": 1, "percent_covered": 0.0, "percent_covered_display": "0", "missing_lines": 1, "excluded_lines": 0}, "missing_lines": [104], "excluded_lines": []}, "": {"executed_lines": [1, 2, 3, 4, 6, 7, 49, 72, 102], "summary": {"covered_lines": 8, "num_statements": 8, "percent_covered": 100.0, "percent_covered_display": "100", "missing_lines": 0, "excluded_lines": 0}, "missing_lines": [], "excluded_lines": []}}, "classes": {"SobolSciPy": {"executed_lines": [56, 57, 60, 61, 63, 64, 65, 66, 67, 68, 69, 70, 85, 86, 87, 88, 90, 91, 92, 93, 94, 95, 96, 97, 98, 99, 100], "summary": {"covered_lines": 27, "num_statements": 32, "percent_covered": 84.375, "percent_covered_display": "84", "missing_lines": 5, "excluded_lines": 0}, "missing_lines": [58, 59, 62, 89, 104], "excluded_lines": []}, "": {"executed_lines": [1, 2, 3, 4, 6, 7, 49, 72, 102], "summary": {"covered_lines": 8, "num_statements": 8, "percent_covered": 100.0, "percent_covered_display": "100", "missing_lines": 0, "excluded_lines": 0}, "missing_lines": [], "excluded_lines": []}}}, "qmcpy/discrete_distribution/halton.py": {"executed_lines": [1, 2, 3, 4, 5, 6, 7, 8, 11, 12, 134, 135, 143, 145, 166, 167, 168, 169, 170, 171, 172, 174, 175, 176, 177, 178, 179, 180, 181, 182, 183, 184, 185, 186, 187, 188, 189, 190, 191, 192, 193, 194, 195, 196, 197, 198, 199, 200, 201, 202, 203, 204, 205, 207, 221, 222, 223, 224, 226, 228, 229, 230, 231, 232, 233, 234, 235, 236, 237, 238, 239, 240, 241, 242, 243, 244, 245, 246, 247, 248, 249, 250, 251, 252, 253, 254, 255, 256, 257, 258, 259, 261, 264], "summary": {"covered_lines": 92, "num_statements": 96, "percent_covered": 95.83333333333333, "percent_covered_display": "96", "missing_lines": 4, "excluded_lines": 0}, "missing_lines": [225, 227, 262, 265], "excluded_lines": [], "functions": {"Halton.__init__": {"executed_lines": [166, 167, 168, 169, 170, 171, 172, 174, 175, 176, 177, 178, 179, 180, 181, 182, 183, 184, 185, 186, 187, 188, 189, 190, 191, 192, 193, 194, 195, 196, 197, 198, 199, 200, 201, 202, 203, 204, 205], "summary": {"covered_lines": 39, "num_statements": 39, "percent_covered": 100.0, "percent_covered_display": "100", "missing_lines": 0, "excluded_lines": 0}, "missing_lines": [], "excluded_lines": []}, "Halton.gen_samples": {"executed_lines": [221, 222, 223, 224, 226, 228, 229, 230, 231, 232, 233, 234, 235, 236, 237, 238, 239, 240, 241, 242, 243, 244, 245, 246, 247, 248, 249, 250, 251, 252, 253, 254, 255, 256, 257, 258, 259], "summary": {"covered_lines": 37, "num_statements": 39, "percent_covered": 94.87179487179488, "percent_covered_display": "95", "missing_lines": 2, "excluded_lines": 0}, "missing_lines": [225, 227], "excluded_lines": []}, "Halton.pdf": {"executed_lines": [], "summary": {"covered_lines": 0, "num_statements": 1, "percent_covered": 0.0, "percent_covered_display": "0", "missing_lines": 1, "excluded_lines": 0}, "missing_lines": [262], "excluded_lines": []}, "Halton._spawn": {"executed_lines": [], "summary": {"covered_lines": 0, "num_statements": 1, "percent_covered": 0.0, "percent_covered_display": "0", "missing_lines": 1, "excluded_lines": 0}, "missing_lines": [265], "excluded_lines": []}, "": {"executed_lines": [1, 2, 3, 4, 5, 6, 7, 8, 11, 12, 134, 135, 143, 145, 207, 261, 264], "summary": {"covered_lines": 16, "num_statements": 16, "percent_covered": 100.0, "percent_covered_display": "100", "missing_lines": 0, "excluded_lines": 0}, "missing_lines": [], "excluded_lines": []}}, "classes": {"Halton": {"executed_lines": [166, 167, 168, 169, 170, 171, 172, 174, 175, 176, 177, 178, 179, 180, 181, 182, 183, 184, 185, 186, 187, 188, 189, 190, 191, 192, 193, 194, 195, 196, 197, 198, 199, 200, 201, 202, 203, 204, 205, 221, 222, 223, 224, 226, 228, 229, 230, 231, 232, 233, 234, 235, 236, 237, 238, 239, 240, 241, 242, 243, 244, 245, 246, 247, 248, 249, 250, 251, 252, 253, 254, 255, 256, 257, 258, 259], "summary": {"covered_lines": 76, "num_statements": 80, "percent_covered": 95.0, "percent_covered_display": "95", "missing_lines": 4, "excluded_lines": 0}, "missing_lines": [225, 227, 262, 265], "excluded_lines": []}, "": {"executed_lines": [1, 2, 3, 4, 5, 6, 7, 8, 11, 12, 134, 135, 143, 145, 207, 261, 264], "summary": {"covered_lines": 16, "num_statements": 16, "percent_covered": 100.0, "percent_covered_display": "100", "missing_lines": 0, "excluded_lines": 0}, "missing_lines": [], "excluded_lines": []}}}, "qmcpy/discrete_distribution/iid_std_uniform.py": {"executed_lines": [1, 2, 5, 6, 22, 28, 29, 30, 31, 32, 34, 44, 45, 47, 50, 51], "summary": {"covered_lines": 15, "num_statements": 16, "percent_covered": 93.75, "percent_covered_display": "94", "missing_lines": 1, "excluded_lines": 0}, "missing_lines": [48], "excluded_lines": [], "functions": {"IIDStdUniform.__init__": {"executed_lines": [28, 29, 30, 31, 32], "summary": {"covered_lines": 5, "num_statements": 5, "percent_covered": 100.0, "percent_covered_display": "100", "missing_lines": 0, "excluded_lines": 0}, "missing_lines": [], "excluded_lines": []}, "IIDStdUniform.gen_samples": {"executed_lines": [44, 45], "summary": {"covered_lines": 2, "num_statements": 2, "percent_covered": 100.0, "percent_covered_display": "100", "missing_lines": 0, "excluded_lines": 0}, "missing_lines": [], "excluded_lines": []}, "IIDStdUniform.pdf": {"executed_lines": [], "summary": {"covered_lines": 0, "num_statements": 1, "percent_covered": 0.0, "percent_covered_display": "0", "missing_lines": 1, "excluded_lines": 0}, "missing_lines": [48], "excluded_lines": []}, "IIDStdUniform._spawn": {"executed_lines": [51], "summary": {"covered_lines": 1, "num_statements": 1, "percent_covered": 100.0, "percent_covered_display": "100", "missing_lines": 0, "excluded_lines": 0}, "missing_lines": [], "excluded_lines": []}, "": {"executed_lines": [1, 2, 5, 6, 22, 34, 47, 50], "summary": {"covered_lines": 7, "num_statements": 7, "percent_covered": 100.0, "percent_covered_display": "100", "missing_lines": 0, "excluded_lines": 0}, "missing_lines": [], "excluded_lines": []}}, "classes": {"IIDStdUniform": {"executed_lines": [28, 29, 30, 31, 32, 44, 45, 51], "summary": {"covered_lines": 8, "num_statements": 9, "percent_covered": 88.88888888888889, "percent_covered_display": "89", "missing_lines": 1, "excluded_lines": 0}, "missing_lines": [48], "excluded_lines": []}, "": {"executed_lines": [1, 2, 5, 6, 22, 34, 47, 50], "summary": {"covered_lines": 7, "num_statements": 7, "percent_covered": 100.0, "percent_covered_display": "100", "missing_lines": 0, "excluded_lines": 0}, "missing_lines": [], "excluded_lines": []}}}, "qmcpy/discrete_distribution/lattice/__init__.py": {"executed_lines": [1], "summary": {"covered_lines": 1, "num_statements": 1, "percent_covered": 100.0, "percent_covered_display": "100", "missing_lines": 0, "excluded_lines": 0}, "missing_lines": [], "excluded_lines": [], "functions": {"": {"executed_lines": [1], "summary": {"covered_lines": 1, "num_statements": 1, "percent_covered": 100.0, "percent_covered_display": "100", "missing_lines": 0, "excluded_lines": 0}, "missing_lines": [], "excluded_lines": []}}, "classes": {"": {"executed_lines": [1], "summary": {"covered_lines": 1, "num_statements": 1, "percent_covered": 100.0, "percent_covered_display": "100", "missing_lines": 0, "excluded_lines": 0}, "missing_lines": [], "excluded_lines": []}}}, "qmcpy/discrete_distribution/lattice/lattice.py": {"executed_lines": [1, 2, 3, 4, 5, 6, 7, 10, 11, 127, 154, 155, 156, 157, 159, 160, 161, 163, 164, 165, 167, 168, 169, 172, 173, 174, 175, 176, 177, 178, 179, 180, 181, 182, 183, 184, 185, 187, 189, 191, 193, 194, 197, 198, 199, 200, 201, 214, 216, 217, 218, 219, 220, 221, 222, 223, 224, 225, 226, 227, 228, 229, 232, 253, 254, 255, 256, 258, 260, 261, 262, 263, 264, 265, 266, 267, 268, 269, 270, 271, 272, 275, 276, 277, 278, 279, 280, 281, 282, 283, 284, 288, 289, 290, 291, 294, 295, 297, 307, 309, 310, 311, 312, 320, 324, 325], "summary": {"covered_lines": 105, "num_statements": 141, "percent_covered": 74.46808510638297, "percent_covered_display": "74", "missing_lines": 36, "excluded_lines": 0}, "missing_lines": [166, 170, 186, 188, 190, 192, 196, 202, 203, 204, 205, 206, 207, 208, 209, 211, 213, 257, 259, 274, 286, 293, 298, 299, 300, 301, 302, 303, 304, 305, 314, 315, 316, 317, 318, 322], "excluded_lines": [], "functions": {"Lattice.__init__": {"executed_lines": [154, 155, 156, 157, 159, 160, 161, 163, 164, 165, 167, 168, 169, 172, 173, 174, 175, 176, 177, 178, 179, 180, 181, 182, 183, 184, 185, 187, 189, 191, 193, 194, 197, 198, 199, 200, 201, 214, 216, 217, 218, 219, 220, 221, 222, 223, 224, 225, 226, 227, 228, 229], "summary": {"covered_lines": 52, "num_statements": 69, "percent_covered": 75.3623188405797, "percent_covered_display": "75", "missing_lines": 17, "excluded_lines": 0}, "missing_lines": [166, 170, 186, 188, 190, 192, 196, 202, 203, 204, 205, 206, 207, 208, 209, 211, 213], "excluded_lines": []}, "Lattice.gen_samples": {"executed_lines": [253, 254, 255, 256, 258, 260, 261, 262, 263, 264, 265, 266, 267, 268, 269, 270, 271, 272, 275, 276, 277, 278, 279, 280, 281, 282, 283, 284], "summary": {"covered_lines": 28, "num_statements": 32, "percent_covered": 87.5, "percent_covered_display": "88", "missing_lines": 4, "excluded_lines": 0}, "missing_lines": [257, 259, 274, 286], "excluded_lines": []}, "Lattice._gen_block_linear": {"executed_lines": [289, 290, 291, 294, 295], "summary": {"covered_lines": 5, "num_statements": 6, "percent_covered": 83.33333333333333, "percent_covered_display": "83", "missing_lines": 1, "excluded_lines": 0}, "missing_lines": [293], "excluded_lines": []}, "Lattice.calculate_y": {"executed_lines": [], "summary": {"covered_lines": 0, "num_statements": 8, "percent_covered": 0.0, "percent_covered_display": "0", "missing_lines": 8, "excluded_lines": 0}, "missing_lines": [298, 299, 300, 301, 302, 303, 304, 305], "excluded_lines": []}, "Lattice._gail_linear": {"executed_lines": [309, 310, 311, 312], "summary": {"covered_lines": 4, "num_statements": 9, "percent_covered": 44.44444444444444, "percent_covered_display": "44", "missing_lines": 5, "excluded_lines": 0}, "missing_lines": [314, 315, 316, 317, 318], "excluded_lines": []}, "Lattice.pdf": {"executed_lines": [], "summary": {"covered_lines": 0, "num_statements": 1, "percent_covered": 0.0, "percent_covered_display": "0", "missing_lines": 1, "excluded_lines": 0}, "missing_lines": [322], "excluded_lines": []}, "Lattice._spawn": {"executed_lines": [325], "summary": {"covered_lines": 1, "num_statements": 1, "percent_covered": 100.0, "percent_covered_display": "100", "missing_lines": 0, "excluded_lines": 0}, "missing_lines": [], "excluded_lines": []}, "": {"executed_lines": [1, 2, 3, 4, 5, 6, 7, 10, 11, 127, 232, 288, 297, 307, 320, 324], "summary": {"covered_lines": 15, "num_statements": 15, "percent_covered": 100.0, "percent_covered_display": "100", "missing_lines": 0, "excluded_lines": 0}, "missing_lines": [], "excluded_lines": []}}, "classes": {"Lattice": {"executed_lines": [154, 155, 156, 157, 159, 160, 161, 163, 164, 165, 167, 168, 169, 172, 173, 174, 175, 176, 177, 178, 179, 180, 181, 182, 183, 184, 185, 187, 189, 191, 193, 194, 197, 198, 199, 200, 201, 214, 216, 217, 218, 219, 220, 221, 222, 223, 224, 225, 226, 227, 228, 229, 253, 254, 255, 256, 258, 260, 261, 262, 263, 264, 265, 266, 267, 268, 269, 270, 271, 272, 275, 276, 277, 278, 279, 280, 281, 282, 283, 284, 289, 290, 291, 294, 295, 309, 310, 311, 312, 325], "summary": {"covered_lines": 90, "num_statements": 126, "percent_covered": 71.42857142857143, "percent_covered_display": "71", "missing_lines": 36, "excluded_lines": 0}, "missing_lines": [166, 170, 186, 188, 190, 192, 196, 202, 203, 204, 205, 206, 207, 208, 209, 211, 213, 257, 259, 274, 286, 293, 298, 299, 300, 301, 302, 303, 304, 305, 314, 315, 316, 317, 318, 322], "excluded_lines": []}, "": {"executed_lines": [1, 2, 3, 4, 5, 6, 7, 10, 11, 127, 232, 288, 297, 307, 320, 324], "summary": {"covered_lines": 15, "num_statements": 15, "percent_covered": 100.0, "percent_covered_display": "100", "missing_lines": 0, "excluded_lines": 0}, "missing_lines": [], "excluded_lines": []}}}, "qmcpy/integrand/__init__.py": {"executed_lines": [1, 2, 3, 4, 5, 6, 7, 8, 9, 10, 11, 12, 13, 14, 15, 16, 17, 18], "summary": {"covered_lines": 18, "num_statements": 18, "percent_covered": 100.0, "percent_covered_display": "100", "missing_lines": 0, "excluded_lines": 0}, "missing_lines": [], "excluded_lines": [], "functions": {"": {"executed_lines": [1, 2, 3, 4, 5, 6, 7, 8, 9, 10, 11, 12, 13, 14, 15, 16, 17, 18], "summary": {"covered_lines": 18, "num_statements": 18, "percent_covered": 100.0, "percent_covered_display": "100", "missing_lines": 0, "excluded_lines": 0}, "missing_lines": [], "excluded_lines": []}}, "classes": {"": {"executed_lines": [1, 2, 3, 4, 5, 6, 7, 8, 9, 10, 11, 12, 13, 14, 15, 16, 17, 18], "summary": {"covered_lines": 18, "num_statements": 18, "percent_covered": 100.0, "percent_covered_display": "100", "missing_lines": 0, "excluded_lines": 0}, "missing_lines": [], "excluded_lines": []}}}, "qmcpy/integrand/_integrand.py": {"executed_lines": [1, 2, 3, 4, 5, 6, 7, 8, 11, 12, 14, 27, 28, 29, 30, 31, 32, 33, 34, 35, 37, 39, 40, 41, 42, 43, 44, 45, 46, 47, 50, 52, 68, 85, 86, 87, 89, 94, 95, 96, 97, 98, 99, 100, 103, 106, 107, 108, 109, 110, 111, 117, 118, 119, 120, 122, 123, 125, 126, 128, 129, 130, 131, 132, 133, 135, 136, 138, 139, 140, 141, 147, 148, 149, 151, 152, 153, 154, 155, 156, 157, 158, 159, 161, 179, 185, 187, 200, 202, 221, 231, 232, 234, 235, 236, 237, 238, 239, 240, 241, 243, 256, 257], "summary": {"covered_lines": 102, "num_statements": 125, "percent_covered": 81.6, "percent_covered_display": "82", "missing_lines": 23, "excluded_lines": 0}, "missing_lines": [36, 38, 49, 66, 90, 101, 102, 104, 105, 112, 113, 114, 116, 142, 143, 144, 145, 180, 217, 218, 219, 233, 254], "excluded_lines": [], "functions": {"Integrand.__init__": {"executed_lines": [27, 28, 29, 30, 31, 32, 33, 34, 35, 37, 39, 40, 41, 42, 43, 44, 45, 46, 47, 50], "summary": {"covered_lines": 20, "num_statements": 23, "percent_covered": 86.95652173913044, "percent_covered_display": "87", "missing_lines": 3, "excluded_lines": 0}, "missing_lines": [36, 38, 49], "excluded_lines": []}, "Integrand.g": {"executed_lines": [], "summary": {"covered_lines": 0, "num_statements": 1, "percent_covered": 0.0, "percent_covered_display": "0", "missing_lines": 1, "excluded_lines": 0}, "missing_lines": [66], "excluded_lines": []}, "Integrand.f": {"executed_lines": [85, 86, 87, 89, 94, 95, 96, 97, 98, 99, 100, 103, 106, 107, 108, 109, 110, 111, 117, 118, 119, 120, 122, 123, 125, 126, 128, 129, 130, 131, 132, 133, 135, 136], "summary": {"covered_lines": 34, "num_statements": 43, "percent_covered": 79.06976744186046, "percent_covered_display": "79", "missing_lines": 9, "excluded_lines": 0}, "missing_lines": [90, 101, 102, 104, 105, 112, 113, 114, 116], "excluded_lines": []}, "Integrand._g": {"executed_lines": [139, 140, 141, 147, 148, 149], "summary": {"covered_lines": 6, "num_statements": 10, "percent_covered": 60.0, "percent_covered_display": "60", "missing_lines": 4, "excluded_lines": 0}, "missing_lines": [142, 143, 144, 145], "excluded_lines": []}, "Integrand._g2": {"executed_lines": [152, 153, 154, 155, 156, 157, 158, 159], "summary": {"covered_lines": 8, "num_statements": 8, "percent_covered": 100.0, "percent_covered_display": "100", "missing_lines": 0, "excluded_lines": 0}, "missing_lines": [], "excluded_lines": []}, "Integrand.bound_fun": {"executed_lines": [179, 185], "summary": {"covered_lines": 2, "num_statements": 3, "percent_covered": 66.66666666666667, "percent_covered_display": "67", "missing_lines": 1, "excluded_lines": 0}, "missing_lines": [180], "excluded_lines": []}, "Integrand.dependency": {"executed_lines": [200], "summary": {"covered_lines": 1, "num_statements": 1, "percent_covered": 100.0, "percent_covered_display": "100", "missing_lines": 0, "excluded_lines": 0}, "missing_lines": [], "excluded_lines": []}, "Integrand._dimension_at_level": {"executed_lines": [], "summary": {"covered_lines": 0, "num_statements": 3, "percent_covered": 0.0, "percent_covered_display": "0", "missing_lines": 3, "excluded_lines": 0}, "missing_lines": [217, 218, 219], "excluded_lines": []}, "Integrand.spawn": {"executed_lines": [231, 232, 234, 235, 236, 237, 238, 239, 240, 241], "summary": {"covered_lines": 10, "num_statements": 11, "percent_covered": 90.9090909090909, "percent_covered_display": "91", "missing_lines": 1, "excluded_lines": 0}, "missing_lines": [233], "excluded_lines": []}, "Integrand._spawn": {"executed_lines": [], "summary": {"covered_lines": 0, "num_statements": 1, "percent_covered": 0.0, "percent_covered_display": "0", "missing_lines": 1, "excluded_lines": 0}, "missing_lines": [254], "excluded_lines": []}, "Integrand.__repr__": {"executed_lines": [257], "summary": {"covered_lines": 1, "num_statements": 1, "percent_covered": 100.0, "percent_covered_display": "100", "missing_lines": 0, "excluded_lines": 0}, "missing_lines": [], "excluded_lines": []}, "": {"executed_lines": [1, 2, 3, 4, 5, 6, 7, 8, 11, 12, 14, 52, 68, 138, 151, 161, 187, 202, 221, 243, 256], "summary": {"covered_lines": 20, "num_statements": 20, "percent_covered": 100.0, "percent_covered_display": "100", "missing_lines": 0, "excluded_lines": 0}, "missing_lines": [], "excluded_lines": []}}, "classes": {"Integrand": {"executed_lines": [27, 28, 29, 30, 31, 32, 33, 34, 35, 37, 39, 40, 41, 42, 43, 44, 45, 46, 47, 50, 85, 86, 87, 89, 94, 95, 96, 97, 98, 99, 100, 103, 106, 107, 108, 109, 110, 111, 117, 118, 119, 120, 122, 123, 125, 126, 128, 129, 130, 131, 132, 133, 135, 136, 139, 140, 141, 147, 148, 149, 152, 153, 154, 155, 156, 157, 158, 159, 179, 185, 200, 231, 232, 234, 235, 236, 237, 238, 239, 240, 241, 257], "summary": {"covered_lines": 82, "num_statements": 105, "percent_covered": 78.0952380952381, "percent_covered_display": "78", "missing_lines": 23, "excluded_lines": 0}, "missing_lines": [36, 38, 49, 66, 90, 101, 102, 104, 105, 112, 113, 114, 116, 142, 143, 144, 145, 180, 217, 218, 219, 233, 254], "excluded_lines": []}, "": {"executed_lines": [1, 2, 3, 4, 5, 6, 7, 8, 11, 12, 14, 52, 68, 138, 151, 161, 187, 202, 221, 243, 256], "summary": {"covered_lines": 20, "num_statements": 20, "percent_covered": 100.0, "percent_covered_display": "100", "missing_lines": 0, "excluded_lines": 0}, "missing_lines": [], "excluded_lines": []}}}, "qmcpy/integrand/asian_option.py": {"executed_lines": [1, 2, 3, 4, 5, 8, 9, 39, 56, 57, 58, 59, 60, 61, 62, 63, 64, 65, 66, 68, 69, 72, 73, 74, 78, 79, 80, 81, 83, 84, 85, 86, 87, 89, 100, 101, 110, 111, 114, 115, 117, 118, 122, 125, 127, 128, 129, 130, 131, 132, 133, 135, 136, 138, 139], "summary": {"covered_lines": 54, "num_statements": 61, "percent_covered": 88.52459016393442, "percent_covered_display": "89", "missing_lines": 7, "excluded_lines": 0}, "missing_lines": [67, 70, 105, 106, 113, 119, 126], "excluded_lines": [], "functions": {"AsianOption.__init__": {"executed_lines": [56, 57, 58, 59, 60, 61, 62, 63, 64, 65, 66, 68, 69, 72, 73, 74, 78, 79, 80, 81, 83, 84, 85, 86, 87], "summary": {"covered_lines": 25, "num_statements": 27, "percent_covered": 92.5925925925926, "percent_covered_display": "93", "missing_lines": 2, "excluded_lines": 0}, "missing_lines": [67, 70], "excluded_lines": []}, "AsianOption._get_discounted_payoffs": {"executed_lines": [100, 101, 110, 111, 114, 115], "summary": {"covered_lines": 6, "num_statements": 9, "percent_covered": 66.66666666666667, "percent_covered_display": "67", "missing_lines": 3, "excluded_lines": 0}, "missing_lines": [105, 106, 113], "excluded_lines": []}, "AsianOption.g": {"executed_lines": [118, 122, 125, 127, 128, 129, 130, 131, 132, 133], "summary": {"covered_lines": 10, "num_statements": 12, "percent_covered": 83.33333333333333, "percent_covered_display": "83", "missing_lines": 2, "excluded_lines": 0}, "missing_lines": [119, 126], "excluded_lines": []}, "AsianOption._dimension_at_level": {"executed_lines": [136], "summary": {"covered_lines": 1, "num_statements": 1, "percent_covered": 100.0, "percent_covered_display": "100", "missing_lines": 0, "excluded_lines": 0}, "missing_lines": [], "excluded_lines": []}, "AsianOption._spawn": {"executed_lines": [139], "summary": {"covered_lines": 1, "num_statements": 1, "percent_covered": 100.0, "percent_covered_display": "100", "missing_lines": 0, "excluded_lines": 0}, "missing_lines": [], "excluded_lines": []}, "": {"executed_lines": [1, 2, 3, 4, 5, 8, 9, 39, 89, 117, 135, 138], "summary": {"covered_lines": 11, "num_statements": 11, "percent_covered": 100.0, "percent_covered_display": "100", "missing_lines": 0, "excluded_lines": 0}, "missing_lines": [], "excluded_lines": []}}, "classes": {"AsianOption": {"executed_lines": [56, 57, 58, 59, 60, 61, 62, 63, 64, 65, 66, 68, 69, 72, 73, 74, 78, 79, 80, 81, 83, 84, 85, 86, 87, 100, 101, 110, 111, 114, 115, 118, 122, 125, 127, 128, 129, 130, 131, 132, 133, 136, 139], "summary": {"covered_lines": 43, "num_statements": 50, "percent_covered": 86.0, "percent_covered_display": "86", "missing_lines": 7, "excluded_lines": 0}, "missing_lines": [67, 70, 105, 106, 113, 119, 126], "excluded_lines": []}, "": {"executed_lines": [1, 2, 3, 4, 5, 8, 9, 39, 89, 117, 135, 138], "summary": {"covered_lines": 11, "num_statements": 11, "percent_covered": 100.0, "percent_covered_display": "100", "missing_lines": 0, "excluded_lines": 0}, "missing_lines": [], "excluded_lines": []}}}, "qmcpy/integrand/barrier_option.py": {"executed_lines": [1, 2, 3, 4, 5, 7, 8, 39, 57, 58, 59, 60, 61, 63, 64, 65, 66, 67, 68, 69, 70, 72, 73, 75, 76, 79, 80, 83, 84, 88, 89, 90, 94, 95, 96, 97, 99, 100, 101, 102, 103, 105, 116, 117, 118, 121, 122, 123, 133, 134, 135, 137, 138, 142, 145, 147, 148, 149, 150, 151, 152, 153, 155, 156, 158, 159], "summary": {"covered_lines": 65, "num_statements": 82, "percent_covered": 79.26829268292683, "percent_covered_display": "79", "missing_lines": 17, "excluded_lines": 0}, "missing_lines": [62, 71, 74, 78, 82, 86, 120, 124, 125, 126, 127, 128, 129, 131, 132, 139, 146], "excluded_lines": [], "functions": {"BarrierOption.__init__": {"executed_lines": [57, 58, 59, 60, 61, 63, 64, 65, 66, 67, 68, 69, 70, 72, 73, 75, 76, 79, 80, 83, 84, 88, 89, 90, 94, 95, 96, 97, 99, 100, 101, 102, 103], "summary": {"covered_lines": 33, "num_statements": 39, "percent_covered": 84.61538461538461, "percent_covered_display": "85", "missing_lines": 6, "excluded_lines": 0}, "missing_lines": [62, 71, 74, 78, 82, 86], "excluded_lines": []}, "BarrierOption._get_discounted_payoffs": {"executed_lines": [116, 117, 118, 121, 122, 123, 133, 134, 135], "summary": {"covered_lines": 9, "num_statements": 18, "percent_covered": 50.0, "percent_covered_display": "50", "missing_lines": 9, "excluded_lines": 0}, "missing_lines": [120, 124, 125, 126, 127, 128, 129, 131, 132], "excluded_lines": []}, "BarrierOption.g": {"executed_lines": [138, 142, 145, 147, 148, 149, 150, 151, 152, 153], "summary": {"covered_lines": 10, "num_statements": 12, "percent_covered": 83.33333333333333, "percent_covered_display": "83", "missing_lines": 2, "excluded_lines": 0}, "missing_lines": [139, 146], "excluded_lines": []}, "BarrierOption._dimension_at_level": {"executed_lines": [156], "summary": {"covered_lines": 1, "num_statements": 1, "percent_covered": 100.0, "percent_covered_display": "100", "missing_lines": 0, "excluded_lines": 0}, "missing_lines": [], "excluded_lines": []}, "BarrierOption._spawn": {"executed_lines": [159], "summary": {"covered_lines": 1, "num_statements": 1, "percent_covered": 100.0, "percent_covered_display": "100", "missing_lines": 0, "excluded_lines": 0}, "missing_lines": [], "excluded_lines": []}, "": {"executed_lines": [1, 2, 3, 4, 5, 7, 8, 39, 105, 137, 155, 158], "summary": {"covered_lines": 11, "num_statements": 11, "percent_covered": 100.0, "percent_covered_display": "100", "missing_lines": 0, "excluded_lines": 0}, "missing_lines": [], "excluded_lines": []}}, "classes": {"BarrierOption": {"executed_lines": [57, 58, 59, 60, 61, 63, 64, 65, 66, 67, 68, 69, 70, 72, 73, 75, 76, 79, 80, 83, 84, 88, 89, 90, 94, 95, 96, 97, 99, 100, 101, 102, 103, 116, 117, 118, 121, 122, 123, 133, 134, 135, 138, 142, 145, 147, 148, 149, 150, 151, 152, 153, 156, 159], "summary": {"covered_lines": 54, "num_statements": 71, "percent_covered": 76.05633802816901, "percent_covered_display": "76", "missing_lines": 17, "excluded_lines": 0}, "missing_lines": [62, 71, 74, 78, 82, 86, 120, 124, 125, 126, 127, 128, 129, 131, 132, 139, 146], "excluded_lines": []}, "": {"executed_lines": [1, 2, 3, 4, 5, 7, 8, 39, 105, 137, 155, 158], "summary": {"covered_lines": 11, "num_statements": 11, "percent_covered": 100.0, "percent_covered_display": "100", "missing_lines": 0, "excluded_lines": 0}, "missing_lines": [], "excluded_lines": []}}}, "qmcpy/integrand/bayesian_lr_coeffs.py": {"executed_lines": [1, 2, 3, 4, 5, 6, 7, 9, 10, 23, 36, 37, 38, 39, 40, 41, 42, 43, 44, 46, 48, 49, 51, 52, 53, 54, 55, 56, 57, 58, 59, 61, 69, 78], "summary": {"covered_lines": 33, "num_statements": 44, "percent_covered": 75.0, "percent_covered_display": "75", "missing_lines": 11, "excluded_lines": 0}, "missing_lines": [45, 47, 62, 70, 71, 72, 73, 74, 75, 76, 79], "excluded_lines": [], "functions": {"BayesianLRCoeffs.__init__": {"executed_lines": [36, 37, 38, 39, 40, 41, 42, 43, 44, 46, 48, 49], "summary": {"covered_lines": 12, "num_statements": 14, "percent_covered": 85.71428571428571, "percent_covered_display": "86", "missing_lines": 2, "excluded_lines": 0}, "missing_lines": [45, 47], "excluded_lines": []}, "BayesianLRCoeffs.g": {"executed_lines": [52, 53, 54, 55, 56, 57, 58, 59], "summary": {"covered_lines": 8, "num_statements": 8, "percent_covered": 100.0, "percent_covered_display": "100", "missing_lines": 0, "excluded_lines": 0}, "missing_lines": [], "excluded_lines": []}, "BayesianLRCoeffs._spawn": {"executed_lines": [], "summary": {"covered_lines": 0, "num_statements": 1, "percent_covered": 0.0, "percent_covered_display": "0", "missing_lines": 1, "excluded_lines": 0}, "missing_lines": [62], "excluded_lines": []}, "BayesianLRCoeffs.bound_fun": {"executed_lines": [], "summary": {"covered_lines": 0, "num_statements": 7, "percent_covered": 0.0, "percent_covered_display": "0", "missing_lines": 7, "excluded_lines": 0}, "missing_lines": [70, 71, 72, 73, 74, 75, 76], "excluded_lines": []}, "BayesianLRCoeffs.dependency": {"executed_lines": [], "summary": {"covered_lines": 0, "num_statements": 1, "percent_covered": 0.0, "percent_covered_display": "0", "missing_lines": 1, "excluded_lines": 0}, "missing_lines": [79], "excluded_lines": []}, "": {"executed_lines": [1, 2, 3, 4, 5, 6, 7, 9, 10, 23, 51, 61, 69, 78], "summary": {"covered_lines": 13, "num_statements": 13, "percent_covered": 100.0, "percent_covered_display": "100", "missing_lines": 0, "excluded_lines": 0}, "missing_lines": [], "excluded_lines": []}}, "classes": {"BayesianLRCoeffs": {"executed_lines": [36, 37, 38, 39, 40, 41, 42, 43, 44, 46, 48, 49, 52, 53, 54, 55, 56, 57, 58, 59], "summary": {"covered_lines": 20, "num_statements": 31, "percent_covered": 64.51612903225806, "percent_covered_display": "65", "missing_lines": 11, "excluded_lines": 0}, "missing_lines": [45, 47, 62, 70, 71, 72, 73, 74, 75, 76, 79], "excluded_lines": []}, "": {"executed_lines": [1, 2, 3, 4, 5, 6, 7, 9, 10, 23, 51, 61, 69, 78], "summary": {"covered_lines": 13, "num_statements": 13, "percent_covered": 100.0, "percent_covered_display": "100", "missing_lines": 0, "excluded_lines": 0}, "missing_lines": [], "excluded_lines": []}}}, "qmcpy/integrand/box_integral.py": {"executed_lines": [1, 2, 3, 4, 7, 8, 35, 43, 44, 45, 46, 47, 49, 50, 51, 52, 53, 54, 55, 56, 58], "summary": {"covered_lines": 20, "num_statements": 21, "percent_covered": 95.23809523809524, "percent_covered_display": "95", "missing_lines": 1, "excluded_lines": 0}, "missing_lines": [59], "excluded_lines": [], "functions": {"BoxIntegral.__init__": {"executed_lines": [43, 44, 45, 46, 47], "summary": {"covered_lines": 5, "num_statements": 5, "percent_covered": 100.0, "percent_covered_display": "100", "missing_lines": 0, "excluded_lines": 0}, "missing_lines": [], "excluded_lines": []}, "BoxIntegral.g": {"executed_lines": [50, 51, 52, 53, 54, 55, 56], "summary": {"covered_lines": 7, "num_statements": 7, "percent_covered": 100.0, "percent_covered_display": "100", "missing_lines": 0, "excluded_lines": 0}, "missing_lines": [], "excluded_lines": []}, "BoxIntegral._spawn": {"executed_lines": [], "summary": {"covered_lines": 0, "num_statements": 1, "percent_covered": 0.0, "percent_covered_display": "0", "missing_lines": 1, "excluded_lines": 0}, "missing_lines": [59], "excluded_lines": []}, "": {"executed_lines": [1, 2, 3, 4, 7, 8, 35, 49, 58], "summary": {"covered_lines": 8, "num_statements": 8, "percent_covered": 100.0, "percent_covered_display": "100", "missing_lines": 0, "excluded_lines": 0}, "missing_lines": [], "excluded_lines": []}}, "classes": {"BoxIntegral": {"executed_lines": [43, 44, 45, 46, 47, 50, 51, 52, 53, 54, 55, 56], "summary": {"covered_lines": 12, "num_statements": 13, "percent_covered": 92.3076923076923, "percent_covered_display": "92", "missing_lines": 1, "excluded_lines": 0}, "missing_lines": [59], "excluded_lines": []}, "": {"executed_lines": [1, 2, 3, 4, 7, 8, 35, 49, 58], "summary": {"covered_lines": 8, "num_statements": 8, "percent_covered": 100.0, "percent_covered_display": "100", "missing_lines": 0, "excluded_lines": 0}, "missing_lines": [], "excluded_lines": []}}}, "qmcpy/integrand/custom_fun.py": {"executed_lines": [1, 2, 3, 6, 7, 32, 43, 44, 45, 46, 47, 49, 50, 52], "summary": {"covered_lines": 13, "num_statements": 14, "percent_covered": 92.85714285714286, "percent_covered_display": "93", "missing_lines": 1, "excluded_lines": 0}, "missing_lines": [53], "excluded_lines": [], "functions": {"CustomFun.__init__": {"executed_lines": [43, 44, 45, 46, 47], "summary": {"covered_lines": 5, "num_statements": 5, "percent_covered": 100.0, "percent_covered_display": "100", "missing_lines": 0, "excluded_lines": 0}, "missing_lines": [], "excluded_lines": []}, "CustomFun.g": {"executed_lines": [50], "summary": {"covered_lines": 1, "num_statements": 1, "percent_covered": 100.0, "percent_covered_display": "100", "missing_lines": 0, "excluded_lines": 0}, "missing_lines": [], "excluded_lines": []}, "CustomFun._spawn": {"executed_lines": [], "summary": {"covered_lines": 0, "num_statements": 1, "percent_covered": 0.0, "percent_covered_display": "0", "missing_lines": 1, "excluded_lines": 0}, "missing_lines": [53], "excluded_lines": []}, "": {"executed_lines": [1, 2, 3, 6, 7, 32, 49, 52], "summary": {"covered_lines": 7, "num_statements": 7, "percent_covered": 100.0, "percent_covered_display": "100", "missing_lines": 0, "excluded_lines": 0}, "missing_lines": [], "excluded_lines": []}}, "classes": {"CustomFun": {"executed_lines": [43, 44, 45, 46, 47, 50], "summary": {"covered_lines": 6, "num_statements": 7, "percent_covered": 85.71428571428571, "percent_covered_display": "86", "missing_lines": 1, "excluded_lines": 0}, "missing_lines": [53], "excluded_lines": []}, "": {"executed_lines": [1, 2, 3, 6, 7, 32, 49, 52], "summary": {"covered_lines": 7, "num_statements": 7, "percent_covered": 100.0, "percent_covered_display": "100", "missing_lines": 0, "excluded_lines": 0}, "missing_lines": [], "excluded_lines": []}}}, "qmcpy/integrand/european_option.py": {"executed_lines": [1, 2, 3, 4, 5, 6, 9, 10, 34, 48, 49, 50, 51, 52, 53, 54, 55, 56, 57, 59, 61, 63, 66, 68, 71, 72, 73, 75, 82, 83, 84, 90, 91, 93, 95, 96, 98], "summary": {"covered_lines": 36, "num_statements": 43, "percent_covered": 83.72093023255815, "percent_covered_display": "84", "missing_lines": 7, "excluded_lines": 0}, "missing_lines": [58, 67, 69, 85, 87, 89, 99], "excluded_lines": [], "functions": {"EuropeanOption.__init__": {"executed_lines": [48, 49, 50, 51, 52, 53, 54, 55, 56, 57, 59], "summary": {"covered_lines": 11, "num_statements": 12, "percent_covered": 91.66666666666667, "percent_covered_display": "92", "missing_lines": 1, "excluded_lines": 0}, "missing_lines": [58], "excluded_lines": []}, "EuropeanOption.g": {"executed_lines": [63, 66, 68, 71, 72, 73], "summary": {"covered_lines": 6, "num_statements": 8, "percent_covered": 75.0, "percent_covered_display": "75", "missing_lines": 2, "excluded_lines": 0}, "missing_lines": [67, 69], "excluded_lines": []}, "EuropeanOption.get_exact_value": {"executed_lines": [82, 83, 84, 90, 91, 93, 95, 96], "summary": {"covered_lines": 8, "num_statements": 11, "percent_covered": 72.72727272727273, "percent_covered_display": "73", "missing_lines": 3, "excluded_lines": 0}, "missing_lines": [85, 87, 89], "excluded_lines": []}, "EuropeanOption._spawn": {"executed_lines": [], "summary": {"covered_lines": 0, "num_statements": 1, "percent_covered": 0.0, "percent_covered_display": "0", "missing_lines": 1, "excluded_lines": 0}, "missing_lines": [99], "excluded_lines": []}, "": {"executed_lines": [1, 2, 3, 4, 5, 6, 9, 10, 34, 61, 75, 98], "summary": {"covered_lines": 11, "num_statements": 11, "percent_covered": 100.0, "percent_covered_display": "100", "missing_lines": 0, "excluded_lines": 0}, "missing_lines": [], "excluded_lines": []}}, "classes": {"EuropeanOption": {"executed_lines": [48, 49, 50, 51, 52, 53, 54, 55, 56, 57, 59, 63, 66, 68, 71, 72, 73, 82, 83, 84, 90, 91, 93, 95, 96], "summary": {"covered_lines": 25, "num_statements": 32, "percent_covered": 78.125, "percent_covered_display": "78", "missing_lines": 7, "excluded_lines": 0}, "missing_lines": [58, 67, 69, 85, 87, 89, 99], "excluded_lines": []}, "": {"executed_lines": [1, 2, 3, 4, 5, 6, 9, 10, 34, 61, 75, 98], "summary": {"covered_lines": 11, "num_statements": 11, "percent_covered": 100.0, "percent_covered_display": "100", "missing_lines": 0, "excluded_lines": 0}, "missing_lines": [], "excluded_lines": []}}}, "qmcpy/integrand/fourbranch2d.py": {"executed_lines": [1, 2, 3, 4, 6, 7, 18, 19, 20, 21, 22, 23, 24, 25, 30], "summary": {"covered_lines": 14, "num_statements": 15, "percent_covered": 93.33333333333333, "percent_covered_display": "93", "missing_lines": 1, "excluded_lines": 0}, "missing_lines": [31], "excluded_lines": [], "functions": {"FourBranch2d.__init__": {"executed_lines": [19, 20, 21, 22], "summary": {"covered_lines": 4, "num_statements": 4, "percent_covered": 100.0, "percent_covered_display": "100", "missing_lines": 0, "excluded_lines": 0}, "missing_lines": [], "excluded_lines": []}, "FourBranch2d.g": {"executed_lines": [24, 25], "summary": {"covered_lines": 2, "num_statements": 2, "percent_covered": 100.0, "percent_covered_display": "100", "missing_lines": 0, "excluded_lines": 0}, "missing_lines": [], "excluded_lines": []}, "FourBranch2d._spawn": {"executed_lines": [], "summary": {"covered_lines": 0, "num_statements": 1, "percent_covered": 0.0, "percent_covered_display": "0", "missing_lines": 1, "excluded_lines": 0}, "missing_lines": [31], "excluded_lines": []}, "": {"executed_lines": [1, 2, 3, 4, 6, 7, 18, 23, 30], "summary": {"covered_lines": 8, "num_statements": 8, "percent_covered": 100.0, "percent_covered_display": "100", "missing_lines": 0, "excluded_lines": 0}, "missing_lines": [], "excluded_lines": []}}, "classes": {"FourBranch2d": {"executed_lines": [19, 20, 21, 22, 24, 25], "summary": {"covered_lines": 6, "num_statements": 7, "percent_covered": 85.71428571428571, "percent_covered_display": "86", "missing_lines": 1, "excluded_lines": 0}, "missing_lines": [31], "excluded_lines": []}, "": {"executed_lines": [1, 2, 3, 4, 6, 7, 18, 23, 30], "summary": {"covered_lines": 8, "num_statements": 8, "percent_covered": 100.0, "percent_covered_display": "100", "missing_lines": 0, "excluded_lines": 0}, "missing_lines": [], "excluded_lines": []}}}, "qmcpy/integrand/genz.py": {"executed_lines": [1, 2,
[...]
play": "0", "missing_lines": 7, "excluded_lines": 0}, "missing_lines": [53, 54, 55, 56, 57, 58, 59], "excluded_lines": []}, "ExactGPyTorchRegressionModel.add_data": {"executed_lines": [], "summary": {"covered_lines": 0, "num_statements": 7, "percent_covered": 0.0, "percent_covered_display": "0", "missing_lines": 7, "excluded_lines": 0}, "missing_lines": [61, 62, 63, 64, 65, 66, 67], "excluded_lines": []}, "": {"executed_lines": [1, 2, 3, 5, 6, 10, 23, 27, 40, 52, 60], "summary": {"covered_lines": 11, "num_statements": 11, "percent_covered": 100.0, "percent_covered_display": "100", "missing_lines": 0, "excluded_lines": 0}, "missing_lines": [], "excluded_lines": []}}, "classes": {"ExactGPyTorchRegressionModel": {"executed_lines": [], "summary": {"covered_lines": 0, "num_statements": 52, "percent_covered": 0.0, "percent_covered_display": "0", "missing_lines": 52, "excluded_lines": 0}, "missing_lines": [11, 12, 13, 14, 15, 16, 17, 18, 19, 20, 21, 22, 24, 25, 26, 28, 29, 30, 31, 32, 33, 34, 35, 36, 37, 38, 39, 41, 42, 43, 44, 45, 46, 47, 48, 49, 50, 51, 53, 54, 55, 56, 57, 58, 59, 61, 62, 63, 64, 65, 66, 67], "excluded_lines": []}, "": {"executed_lines": [1, 2, 3, 5, 6, 10, 23, 27, 40, 52, 60], "summary": {"covered_lines": 11, "num_statements": 11, "percent_covered": 100.0, "percent_covered_display": "100", "missing_lines": 0, "excluded_lines": 0}, "missing_lines": [], "excluded_lines": []}}}, "qmcpy/util/exceptions_warnings.py": {"executed_lines": [1, 2, 4, 8, 10, 11, 16, 17, 22, 23, 28, 29, 35, 36, 41, 47, 48, 53, 54, 59, 60, 65, 66, 71, 72], "summary": {"covered_lines": 14, "num_statements": 17, "percent_covered": 82.3529411764706, "percent_covered_display": "82", "missing_lines": 3, "excluded_lines": 0}, "missing_lines": [6, 42, 44], "excluded_lines": [], "functions": {"custom_formatwarning": {"executed_lines": [], "summary": {"covered_lines": 0, "num_statements": 1, "percent_covered": 0.0, "percent_covered_display": "0", "missing_lines": 1, "excluded_lines": 0}, "missing_lines": [6], "excluded_lines": []}, "MethodImplementationError.__init__": {"executed_lines": [], "summary": {"covered_lines": 0, "num_statements": 2, "percent_covered": 0.0, "percent_covered_display": "0", "missing_lines": 2, "excluded_lines": 0}, "missing_lines": [42, 44], "excluded_lines": []}, "": {"executed_lines": [1, 2, 4, 8, 10, 11, 16, 17, 22, 23, 28, 29, 35, 36, 41, 47, 48, 53, 54, 59, 60, 65, 66, 71, 72], "summary": {"covered_lines": 14, "num_statements": 14, "percent_covered": 100.0, "percent_covered_display": "100", "missing_lines": 0, "excluded_lines": 0}, "missing_lines": [], "excluded_lines": []}}, "classes": {"DimensionError": {"executed_lines": [], "summary": {"covered_lines": 0, "num_statements": 0, "percent_covered": 100.0, "percent_covered_display": "100", "missing_lines": 0, "excluded_lines": 0}, "missing_lines": [], "excluded_lines": []}, "DistributionCompatibilityError": {"executed_lines": [], "summary": {"covered_lines": 0, "num_statements": 0, "percent_covered": 100.0, "percent_covered_display": "100", "missing_lines": 0, "excluded_lines": 0}, "missing_lines": [], "excluded_lines": []}, "NotYetImplemented": {"executed_lines": [], "summary": {"covered_lines": 0, "num_statements": 0, "percent_covered": 100.0, "percent_covered_display": "100", "missing_lines": 0, "excluded_lines": 0}, "missing_lines": [], "excluded_lines": []}, "TransformError": {"executed_lines": [], "summary": {"covered_lines": 0, "num_statements": 0, "percent_covered": 100.0, "percent_covered_display": "100", "missing_lines": 0, "excluded_lines": 0}, "missing_lines": [], "excluded_lines": []}, "MethodImplementationError": {"executed_lines": [], "summary": {"covered_lines": 0, "num_statements": 2, "percent_covered": 0.0, "percent_covered_display": "0", "missing_lines": 2, "excluded_lines": 0}, "missing_lines": [42, 44], "excluded_lines": []}, "ParameterError": {"executed_lines": [], "summary": {"covered_lines": 0, "num_statements": 0, "percent_covered": 100.0, "percent_covered_display": "100", "missing_lines": 0, "excluded_lines": 0}, "missing_lines": [], "excluded_lines": []}, "ParameterWarning": {"executed_lines": [], "summary": {"covered_lines": 0, "num_statements": 0, "percent_covered": 100.0, "percent_covered_display": "100", "missing_lines": 0, "excluded_lines": 0}, "missing_lines": [], "excluded_lines": []}, "MaxSamplesWarning": {"executed_lines": [], "summary": {"covered_lines": 0, "num_statements": 0, "percent_covered": 100.0, "percent_covered_display": "100", "missing_lines": 0, "excluded_lines": 0}, "missing_lines": [], "excluded_lines": []}, "MaxLevelsWarning": {"executed_lines": [], "summary": {"covered_lines": 0, "num_statements": 0, "percent_covered": 100.0, "percent_covered_display": "100", "missing_lines": 0, "excluded_lines": 0}, "missing_lines": [], "excluded_lines": []}, "CubatureWarning": {"executed_lines": [], "summary": {"covered_lines": 0, "num_statements": 0, "percent_covered": 100.0, "percent_covered_display": "100", "missing_lines": 0, "excluded_lines": 0}, "missing_lines": [], "excluded_lines": []}, "": {"executed_lines": [1, 2, 4, 8, 10, 11, 16, 17, 22, 23, 28, 29, 35, 36, 41, 47, 48, 53, 54, 59, 60, 65, 66, 71, 72], "summary": {"covered_lines": 14, "num_statements": 15, "percent_covered": 93.33333333333333, "percent_covered_display": "93", "missing_lines": 1, "excluded_lines": 0}, "missing_lines": [6], "excluded_lines": []}}}, "qmcpy/util/kernel_methods/__init__.py": {"executed_lines": [1, 2, 3, 4, 8, 9], "summary": {"covered_lines": 6, "num_statements": 8, "percent_covered": 75.0, "percent_covered_display": "75", "missing_lines": 2, "excluded_lines": 0}, "missing_lines": [5, 6], "excluded_lines": [], "functions": {"": {"executed_lines": [1, 2, 3, 4, 8, 9], "summary": {"covered_lines": 6, "num_statements": 8, "percent_covered": 75.0, "percent_covered_display": "75", "missing_lines": 2, "excluded_lines": 0}, "missing_lines": [5, 6], "excluded_lines": []}}, "classes": {"": {"executed_lines": [1, 2, 3, 4, 8, 9], "summary": {"covered_lines": 6, "num_statements": 8, "percent_covered": 75.0, "percent_covered_display": "75", "missing_lines": 2, "excluded_lines": 0}, "missing_lines": [5, 6], "excluded_lines": []}}}, "qmcpy/util/kernel_methods/dig_shift_invar_ops.py": {"executed_lines": [1, 3, 18, 19, 20, 21, 22, 23, 25, 31, 37, 61, 62, 63, 64, 65, 66, 71, 72, 73, 74, 75, 76], "summary": {"covered_lines": 23, "num_statements": 26, "percent_covered": 88.46153846153847, "percent_covered_display": "88", "missing_lines": 3, "excluded_lines": 0}, "missing_lines": [68, 69, 70], "excluded_lines": [], "functions": {"k4sumterm": {"executed_lines": [18, 19, 20, 21, 22, 23], "summary": {"covered_lines": 6, "num_statements": 6, "percent_covered": 100.0, "percent_covered_display": "100", "missing_lines": 0, "excluded_lines": 0}, "missing_lines": [], "excluded_lines": []}, "weighted_walsh_funcs": {"executed_lines": [61, 62, 63, 64, 65, 66, 71, 72, 73, 74, 75, 76], "summary": {"covered_lines": 12, "num_statements": 15, "percent_covered": 80.0, "percent_covered_display": "80", "missing_lines": 3, "excluded_lines": 0}, "missing_lines": [68, 69, 70], "excluded_lines": []}, "": {"executed_lines": [1, 3, 25, 31, 37], "summary": {"covered_lines": 5, "num_statements": 5, "percent_covered": 100.0, "percent_covered_display": "100", "missing_lines": 0, "excluded_lines": 0}, "missing_lines": [], "excluded_lines": []}}, "classes": {"": {"executed_lines": [1, 3, 18, 19, 20, 21, 22, 23, 25, 31, 37, 61, 62, 63, 64, 65, 66, 71, 72, 73, 74, 75, 76], "summary": {"covered_lines": 23, "num_statements": 26, "percent_covered": 88.46153846153847, "percent_covered_display": "88", "missing_lines": 3, "excluded_lines": 0}, "missing_lines": [68, 69, 70], "excluded_lines": []}}}, "qmcpy/util/kernel_methods/ft_pytorch.py": {"executed_lines": [1, 2, 3, 5, 7, 8, 9, 10, 11, 12, 13, 14, 15, 16, 17, 18, 19, 20, 21, 22, 23, 24, 25, 26, 27, 28, 29, 45, 47, 66, 67, 68, 69, 70, 71, 72, 73, 74, 75, 76, 78, 97, 98, 99, 100, 101, 102, 103, 104, 105, 106, 107, 108], "summary": {"covered_lines": 53, "num_statements": 53, "percent_covered": 100.0, "percent_covered_display": "100", "missing_lines": 0, "excluded_lines": 0}, "missing_lines": [], "excluded_lines": [], "functions": {"_fwht_torch": {"executed_lines": [8, 9, 10, 11, 12, 13, 14, 15, 16, 17, 18, 19, 20, 21], "summary": {"covered_lines": 14, "num_statements": 14, "percent_covered": 100.0, "percent_covered_display": "100", "missing_lines": 0, "excluded_lines": 0}, "missing_lines": [], "excluded_lines": []}, "_FWHTB2Ortho.forward": {"executed_lines": [25], "summary": {"covered_lines": 1, "num_statements": 1, "percent_covered": 100.0, "percent_covered_display": "100", "missing_lines": 0, "excluded_lines": 0}, "missing_lines": [], "excluded_lines": []}, "_FWHTB2Ortho.backward": {"executed_lines": [28], "summary": {"covered_lines": 1, "num_statements": 1, "percent_covered": 100.0, "percent_covered_display": "100", "missing_lines": 0, "excluded_lines": 0}, "missing_lines": [], "excluded_lines": []}, "fwht_torch": {"executed_lines": [45], "summary": {"covered_lines": 1, "num_statements": 1, "percent_covered": 100.0, "percent_covered_display": "100", "missing_lines": 0, "excluded_lines": 0}, "missing_lines": [], "excluded_lines": []}, "fftbr_torch": {"executed_lines": [66, 67, 68, 69, 70, 71, 72, 73, 74, 75, 76], "summary": {"covered_lines": 11, "num_statements": 11, "percent_covered": 100.0, "percent_covered_display": "100", "missing_lines": 0, "excluded_lines": 0}, "missing_lines": [], "excluded_lines": []}, "ifftbr_torch": {"executed_lines": [97, 98, 99, 100, 101, 102, 103, 104, 105, 106, 107, 108], "summary": {"covered_lines": 12, "num_statements": 12, "percent_covered": 100.0, "percent_covered_display": "100", "missing_lines": 0, "excluded_lines": 0}, "missing_lines": [], "excluded_lines": []}, "": {"executed_lines": [1, 2, 3, 5, 7, 22, 23, 24, 26, 27, 29, 47, 78], "summary": {"covered_lines": 13, "num_statements": 13, "percent_covered": 100.0, "percent_covered_display": "100", "missing_lines": 0, "excluded_lines": 0}, "missing_lines": [], "excluded_lines": []}}, "classes": {"_FWHTB2Ortho": {"executed_lines": [25, 28], "summary": {"covered_lines": 2, "num_statements": 2, "percent_covered": 100.0, "percent_covered_display": "100", "missing_lines": 0, "excluded_lines": 0}, "missing_lines": [], "excluded_lines": []}, "": {"executed_lines": [1, 2, 3, 5, 7, 8, 9, 10, 11, 12, 13, 14, 15, 16, 17, 18, 19, 20, 21, 22, 23, 24, 26, 27, 29, 45, 47, 66, 67, 68, 69, 70, 71, 72, 73, 74, 75, 76, 78, 97, 98, 99, 100, 101, 102, 103, 104, 105, 106, 107, 108], "summary": {"covered_lines": 51, "num_statements": 51, "percent_covered": 100.0, "percent_covered_display": "100", "missing_lines": 0, "excluded_lines": 0}, "missing_lines": [], "excluded_lines": []}}}, "qmcpy/util/kernel_methods/ft_qmctoolscl.py": {"executed_lines": [1, 2, 4, 20, 42, 65], "summary": {"covered_lines": 6, "num_statements": 42, "percent_covered": 14.285714285714286, "percent_covered_display": "14", "missing_lines": 36, "excluded_lines": 0}, "missing_lines": [5, 6, 7, 8, 9, 10, 11, 13, 14, 15, 16, 17, 18, 32, 33, 34, 35, 36, 37, 38, 39, 40, 54, 55, 56, 57, 58, 59, 60, 61, 62, 76, 77, 78, 79, 80], "excluded_lines": [], "functions": {"_parse_ft_input": {"executed_lines": [], "summary": {"covered_lines": 0, "num_statements": 13, "percent_covered": 0.0, "percent_covered_display": "0", "missing_lines": 13, "excluded_lines": 0}, "missing_lines": [5, 6, 7, 8, 9, 10, 11, 13, 14, 15, 16, 17, 18], "excluded_lines": []}, "fftbr": {"executed_lines": [], "summary": {"covered_lines": 0, "num_statements": 9, "percent_covered": 0.0, "percent_covered_display": "0", "missing_lines": 9, "excluded_lines": 0}, "missing_lines": [32, 33, 34, 35, 36, 37, 38, 39, 40], "excluded_lines": []}, "ifftbr": {"executed_lines": [], "summary": {"covered_lines": 0, "num_statements": 9, "percent_covered": 0.0, "percent_covered_display": "0", "missing_lines": 9, "excluded_lines": 0}, "missing_lines": [54, 55, 56, 57, 58, 59, 60, 61, 62], "excluded_lines": []}, "fwht": {"executed_lines": [], "summary": {"covered_lines": 0, "num_statements": 5, "percent_covered": 0.0, "percent_covered_display": "0", "missing_lines": 5, "excluded_lines": 0}, "missing_lines": [76, 77, 78, 79, 80], "excluded_lines": []}, "": {"executed_lines": [1, 2, 4, 20, 42, 65], "summary": {"covered_lines": 6, "num_statements": 6, "percent_covered": 100.0, "percent_covered_display": "100", "missing_lines": 0, "excluded_lines": 0}, "missing_lines": [], "excluded_lines": []}}, "classes": {"": {"executed_lines": [1, 2, 4, 20, 42, 65], "summary": {"covered_lines": 6, "num_statements": 42, "percent_covered": 14.285714285714286, "percent_covered_display": "14", "missing_lines": 36, "excluded_lines": 0}, "missing_lines": [5, 6, 7, 8, 9, 10, 11, 13, 14, 15, 16, 17, 18, 32, 33, 34, 35, 36, 37, 38, 39, 40, 54, 55, 56, 57, 58, 59, 60, 61, 62, 76, 77, 78, 79, 80], "excluded_lines": []}}}, "qmcpy/util/kernel_methods/shift_invar_ops.py": {"executed_lines": [1, 3, 4, 11, 19, 20, 21, 22, 23, 24, 25, 26, 27, 33, 35, 49, 67, 68, 69, 70, 71], "summary": {"covered_lines": 20, "num_statements": 24, "percent_covered": 83.33333333333333, "percent_covered_display": "83", "missing_lines": 4, "excluded_lines": 0}, "missing_lines": [29, 30, 31, 32], "excluded_lines": [], "functions": {"Polynomial.__init__": {"executed_lines": [19, 20, 21, 22], "summary": {"covered_lines": 4, "num_statements": 4, "percent_covered": 100.0, "percent_covered_display": "100", "missing_lines": 0, "excluded_lines": 0}, "missing_lines": [], "excluded_lines": []}, "Polynomial.__call__": {"executed_lines": [24, 25, 26, 27, 33], "summary": {"covered_lines": 5, "num_statements": 9, "percent_covered": 55.55555555555556, "percent_covered_display": "56", "missing_lines": 4, "excluded_lines": 0}, "missing_lines": [29, 30, 31, 32], "excluded_lines": []}, "bernoulli_poly": {"executed_lines": [67, 68, 69, 70, 71], "summary": {"covered_lines": 5, "num_statements": 5, "percent_covered": 100.0, "percent_covered_display": "100", "missing_lines": 0, "excluded_lines": 0}, "missing_lines": [], "excluded_lines": []}, "": {"executed_lines": [1, 3, 4, 11, 23, 35, 49], "summary": {"covered_lines": 6, "num_statements": 6, "percent_covered": 100.0, "percent_covered_display": "100", "missing_lines": 0, "excluded_lines": 0}, "missing_lines": [], "excluded_lines": []}}, "classes": {"Polynomial": {"executed_lines": [19, 20, 21, 22, 24, 25, 26, 27, 33], "summary": {"covered_lines": 9, "num_statements": 13, "percent_covered": 69.23076923076923, "percent_covered_display": "69", "missing_lines": 4, "excluded_lines": 0}, "missing_lines": [29, 30, 31, 32], "excluded_lines": []}, "": {"executed_lines": [1, 3, 4, 11, 23, 35, 49, 67, 68, 69, 70, 71], "summary": {"covered_lines": 11, "num_statements": 11, "percent_covered": 100.0, "percent_covered_display": "100", "missing_lines": 0, "excluded_lines": 0}, "missing_lines": [], "excluded_lines": []}}}, "qmcpy/util/latnetbuilder_linker.py": {"executed_lines": [1, 2, 5], "summary": {"covered_lines": 3, "num_statements": 4, "percent_covered": 75.0, "percent_covered_display": "75", "missing_lines": 1, "excluded_lines": 0}, "missing_lines": [23], "excluded_lines": [], "functions": {"latnetbuilder_linker": {"executed_lines": [], "summary": {"covered_lines": 0, "num_statements": 1, "percent_covered": 0.0, "percent_covered_display": "0", "missing_lines": 1, "excluded_lines": 0}, "missing_lines": [23], "excluded_lines": []}, "": {"executed_lines": [1, 2, 5], "summary": {"covered_lines": 3, "num_statements": 3, "percent_covered": 100.0, "percent_covered_display": "100", "missing_lines": 0, "excluded_lines": 0}, "missing_lines": [], "excluded_lines": []}}, "classes": {"": {"executed_lines": [1, 2, 5], "summary": {"covered_lines": 3, "num_statements": 4, "percent_covered": 75.0, "percent_covered_display": "75", "missing_lines": 1, "excluded_lines": 0}, "missing_lines": [23], "excluded_lines": []}}}, "qmcpy/util/math_functions.py": {"executed_lines": [1, 3], "summary": {"covered_lines": 1, "num_statements": 6, "percent_covered": 16.666666666666668, "percent_covered_display": "17", "missing_lines": 5, "excluded_lines": 0}, "missing_lines": [17, 20, 21, 22, 23], "excluded_lines": [], "functions": {"_tol_fun": {"executed_lines": [], "summary": {"covered_lines": 0, "num_statements": 5, "percent_covered": 0.0, "percent_covered_display": "0", "missing_lines": 5, "excluded_lines": 0}, "missing_lines": [17, 20, 21, 22, 23], "excluded_lines": []}, "": {"executed_lines": [1, 3], "summary": {"covered_lines": 1, "num_statements": 1, "percent_covered": 100.0, "percent_covered_display": "100", "missing_lines": 0, "excluded_lines": 0}, "missing_lines": [], "excluded_lines": []}}, "classes": {"": {"executed_lines": [1, 3], "summary": {"covered_lines": 1, "num_statements": 6, "percent_covered": 16.666666666666668, "percent_covered_display": "17", "missing_lines": 5, "excluded_lines": 0}, "missing_lines": [17, 20, 21, 22, 23], "excluded_lines": []}}}, "qmcpy/util/plot_functions.py": {"executed_lines": [1, 2, 3, 4, 5], "summary": {"covered_lines": 4, "num_statements": 62, "percent_covered": 6.451612903225806, "percent_covered_display": "6", "missing_lines": 58, "excluded_lines": 0}, "missing_lines": [29, 30, 31, 32, 33, 34, 35, 36, 37, 38, 39, 40, 41, 42, 43, 45, 46, 47, 48, 49, 50, 51, 52, 53, 54, 55, 56, 57, 58, 60, 61, 62, 63, 65, 66, 67, 68, 69, 70, 71, 72, 73, 74, 75, 76, 78, 79, 81, 82, 83, 84, 86, 87, 88, 89, 90, 91, 93], "excluded_lines": [], "functions": {"plot_proj": {"executed_lines": [], "summary": {"covered_lines": 0, "num_statements": 58, "percent_covered": 0.0, "percent_covered_display": "0", "missing_lines": 58, "excluded_lines": 0}, "missing_lines": [29, 30, 31, 32, 33, 34, 35, 36, 37, 38, 39, 40, 41, 42, 43, 45, 46, 47, 48, 49, 50, 51, 52, 53, 54, 55, 56, 57, 58, 60, 61, 62, 63, 65, 66, 67, 68, 69, 70, 71, 72, 73, 74, 75, 76, 78, 79, 81, 82, 83, 84, 86, 87, 88, 89, 90, 91, 93], "excluded_lines": []}, "": {"executed_lines": [1, 2, 3, 4, 5], "summary": {"covered_lines": 4, "num_statements": 4, "percent_covered": 100.0, "percent_covered_display": "100", "missing_lines": 0, "excluded_lines": 0}, "missing_lines": [], "excluded_lines": []}}, "classes": {"": {"executed_lines": [1, 2, 3, 4, 5], "summary": {"covered_lines": 4, "num_statements": 62, "percent_covered": 6.451612903225806, "percent_covered_display": "6", "missing_lines": 58, "excluded_lines": 0}, "missing_lines": [29, 30, 31, 32, 33, 34, 35, 36, 37, 38, 39, 40, 41, 42, 43, 45, 46, 47, 48, 49, 50, 51, 52, 53, 54, 55, 56, 57, 58, 60, 61, 62, 63, 65, 66, 67, 68, 69, 70, 71, 72, 73, 74, 75, 76, 78, 79, 81, 82, 83, 84, 86, 87, 88, 89, 90, 91, 93], "excluded_lines": []}}}, "qmcpy/util/stop_notebook.py": {"executed_lines": [1], "summary": {"covered_lines": 1, "num_statements": 7, "percent_covered": 14.285714285714286, "percent_covered_display": "14", "missing_lines": 6, "excluded_lines": 0}, "missing_lines": [3, 4, 5, 6, 7, 8], "excluded_lines": [], "functions": {"stop_notebook": {"executed_lines": [], "summary": {"covered_lines": 0, "num_statements": 6, "percent_covered": 0.0, "percent_covered_display": "0", "missing_lines": 6, "excluded_lines": 0}, "missing_lines": [3, 4, 5, 6, 7, 8], "excluded_lines": []}, "": {"executed_lines": [1], "summary": {"covered_lines": 1, "num_statements": 1, "percent_covered": 100.0, "percent_covered_display": "100", "missing_lines": 0, "excluded_lines": 0}, "missing_lines": [], "excluded_lines": []}}, "classes": {"": {"executed_lines": [1], "summary": {"covered_lines": 1, "num_statements": 7, "percent_covered": 14.285714285714286, "percent_covered_display": "14", "missing_lines": 6, "excluded_lines": 0}, "missing_lines": [3, 4, 5, 6, 7, 8], "excluded_lines": []}}}}, "totals": {"covered_lines": 3070, "num_statements": 4249, "percent_covered": 72.25229465756648, "percent_covered_display": "72", "missing_lines": 1179, "excluded_lines": 0}}